Dropout ebook [Death in Four Courses_ A Key West Food Critic Mystery - Lucy Burdette.epub] with reason [No Author]
Dropout ebook [Wisdom for Your Heart's Ascent - Noah benShea.epub] with reason [No Author]
Unexpected error, will be filed as Error NULL
java.lang.NullPointerException: null
	at nl.ivonet.service.Isbndb.getJson(Isbndb.java:352) ~[isbndb-0.4-SNAPSHOT.jar:na]
	at nl.ivonet.service.Isbndb.authorById(Isbndb.java:93) ~[isbndb-0.4-SNAPSHOT.jar:na]
	at nl.ivonet.epub.strategy.epub.AuthorStrategy.lambda$authorFromIsbn$13(AuthorStrategy.java:139) ~[classes/:na]
	at nl.ivonet.epub.strategy.epub.AuthorStrategy$$Lambda$14/1319659086.accept(Unknown Source) ~[na:na]
	at java.util.ArrayList.forEach(ArrayList.java:1249) ~[na:1.8.0_25]
	at nl.ivonet.epub.strategy.epub.AuthorStrategy.authorFromIsbn(AuthorStrategy.java:137) ~[classes/:na]
	at nl.ivonet.epub.strategy.epub.AuthorStrategy.execute(AuthorStrategy.java:82) ~[classes/:na]
	at nl.ivonet.epub.processor.epub.EpubConsumer.run(EpubConsumer.java:82) ~[classes/:na]
	at java.util.concurrent.ThreadPoolExecutor.runWorker(ThreadPoolExecutor.java:1142) [na:1.8.0_25]
	at java.util.concurrent.ThreadPoolExecutor$Worker.run(ThreadPoolExecutor.java:617) [na:1.8.0_25]
	at java.lang.Thread.run(Thread.java:745) [na:1.8.0_25]
Dropout ebook [Wishsong of Shannara, The - Terry Brooks.epub] with reason [NullPointer]
Dropout ebook [Wisdom to Find Your Way - Noah benShea.epub] with reason [No Author]
Dropout ebook [Master of Desire - Kinley MacGregor (aka Sherrilyn Kenyon).epub] with reason [No Author]
Dropout ebook [Bleeding Land, The - Giles Lutz.epub] with reason [No Author]
Dropout ebook [If Mashed Potatoes Could Dance - Paige Shelton.epub] with reason [No Author]
Unexpected error, will be filed as Error NULL
org.elasticsearch.transport.TransportException: TransportService is closed stopped can't send request
	at org.elasticsearch.transport.TransportService.sendRequest(TransportService.java:320) ~[elasticsearch-2.4.0.jar:2.4.0]
	at org.elasticsearch.transport.TransportService.sendRequest(TransportService.java:299) ~[elasticsearch-2.4.0.jar:2.4.0]
	at org.elasticsearch.action.support.single.shard.TransportSingleShardAction$AsyncSingleAction.perform(TransportSingleShardAction.java:221) ~[elasticsearch-2.4.0.jar:2.4.0]
	at org.elasticsearch.action.support.single.shard.TransportSingleShardAction$AsyncSingleAction.start(TransportSingleShardAction.java:178) ~[elasticsearch-2.4.0.jar:2.4.0]
	at org.elasticsearch.action.support.single.shard.TransportSingleShardAction.doExecute(TransportSingleShardAction.java:87) ~[elasticsearch-2.4.0.jar:2.4.0]
	at org.elasticsearch.action.support.single.shard.TransportSingleShardAction.doExecute(TransportSingleShardAction.java:51) ~[elasticsearch-2.4.0.jar:2.4.0]
	at org.elasticsearch.action.support.TransportAction.doExecute(TransportAction.java:149) ~[elasticsearch-2.4.0.jar:2.4.0]
	at org.elasticsearch.action.support.TransportAction.execute(TransportAction.java:137) ~[elasticsearch-2.4.0.jar:2.4.0]
	at org.elasticsearch.action.support.TransportAction.execute(TransportAction.java:85) ~[elasticsearch-2.4.0.jar:2.4.0]
	at org.elasticsearch.client.node.NodeClient.doExecute(NodeClient.java:58) ~[elasticsearch-2.4.0.jar:2.4.0]
	at org.elasticsearch.client.support.AbstractClient.execute(AbstractClient.java:359) ~[elasticsearch-2.4.0.jar:2.4.0]
	at org.elasticsearch.action.ActionRequestBuilder.execute(ActionRequestBuilder.java:86) ~[elasticsearch-2.4.0.jar:2.4.0]
	at org.elasticsearch.action.ActionRequestBuilder.execute(ActionRequestBuilder.java:56) ~[elasticsearch-2.4.0.jar:2.4.0]
	at org.elasticsearch.action.ActionRequestBuilder.get(ActionRequestBuilder.java:64) ~[elasticsearch-2.4.0.jar:2.4.0]
	at nl.ivonet.epub.strategy.epub.AuthorStrategy.authorFromIsbn(AuthorStrategy.java:121) ~[classes/:na]
	at nl.ivonet.epub.strategy.epub.AuthorStrategy.execute(AuthorStrategy.java:82) ~[classes/:na]
	at nl.ivonet.epub.processor.epub.EpubConsumer.run(EpubConsumer.java:82) ~[classes/:na]
	at java.util.concurrent.ThreadPoolExecutor.runWorker(ThreadPoolExecutor.java:1142) [na:1.8.0_25]
	at java.util.concurrent.ThreadPoolExecutor$Worker.run(ThreadPoolExecutor.java:617) [na:1.8.0_25]
	at java.lang.Thread.run(Thread.java:745) [na:1.8.0_25]
Unexpected error, will be filed as Error NULL
org.elasticsearch.transport.TransportException: TransportService is closed stopped can't send request
	at org.elasticsearch.transport.TransportService.sendRequest(TransportService.java:320) ~[elasticsearch-2.4.0.jar:2.4.0]
	at org.elasticsearch.transport.TransportService.sendRequest(TransportService.java:299) ~[elasticsearch-2.4.0.jar:2.4.0]
	at org.elasticsearch.action.support.single.shard.TransportSingleShardAction$AsyncSingleAction.perform(TransportSingleShardAction.java:221) ~[elasticsearch-2.4.0.jar:2.4.0]
	at org.elasticsearch.action.support.single.shard.TransportSingleShardAction$AsyncSingleAction.start(TransportSingleShardAction.java:178) ~[elasticsearch-2.4.0.jar:2.4.0]
	at org.elasticsearch.action.support.single.shard.TransportSingleShardAction.doExecute(TransportSingleShardAction.java:87) ~[elasticsearch-2.4.0.jar:2.4.0]
	at org.elasticsearch.action.support.single.shard.TransportSingleShardAction.doExecute(TransportSingleShardAction.java:51) ~[elasticsearch-2.4.0.jar:2.4.0]
	at org.elasticsearch.action.support.TransportAction.doExecute(TransportAction.java:149) ~[elasticsearch-2.4.0.jar:2.4.0]
	at org.elasticsearch.action.support.TransportAction.execute(TransportAction.java:137) ~[elasticsearch-2.4.0.jar:2.4.0]
	at org.elasticsearch.action.support.TransportAction.execute(TransportAction.java:85) ~[elasticsearch-2.4.0.jar:2.4.0]
	at org.elasticsearch.client.node.NodeClient.doExecute(NodeClient.java:58) ~[elasticsearch-2.4.0.jar:2.4.0]
	at org.elasticsearch.client.support.AbstractClient.execute(AbstractClient.java:359) ~[elasticsearch-2.4.0.jar:2.4.0]
	at org.elasticsearch.action.ActionRequestBuilder.execute(ActionRequestBuilder.java:86) ~[elasticsearch-2.4.0.jar:2.4.0]
	at org.elasticsearch.action.ActionRequestBuilder.execute(ActionRequestBuilder.java:56) ~[elasticsearch-2.4.0.jar:2.4.0]
	at org.elasticsearch.action.ActionRequestBuilder.get(ActionRequestBuilder.java:64) ~[elasticsearch-2.4.0.jar:2.4.0]
	at nl.ivonet.epub.strategy.epub.AuthorStrategy.authorFromIsbn(AuthorStrategy.java:121) ~[classes/:na]
	at nl.ivonet.epub.strategy.epub.AuthorStrategy.execute(AuthorStrategy.java:82) ~[classes/:na]
	at nl.ivonet.epub.processor.epub.EpubConsumer.run(EpubConsumer.java:82) ~[classes/:na]
	at java.util.concurrent.ThreadPoolExecutor.runWorker(ThreadPoolExecutor.java:1142) [na:1.8.0_25]
	at java.util.concurrent.ThreadPoolExecutor$Worker.run(ThreadPoolExecutor.java:617) [na:1.8.0_25]
	at java.lang.Thread.run(Thread.java:745) [na:1.8.0_25]
Dropout ebook [Silence of Winter, The - Wanda E. Brunstetter.epub] with reason [NullPointer, ISBN]
Dropout ebook [Sigma Protocol, The - Robert Ludlum.epub] with reason [NullPointer, ISBN]
Dropout ebook [Shrinking Violet - Danielle Joseph.epub] with reason [No Author]
Unexpected error, will be filed as Error NULL
org.elasticsearch.transport.TransportException: TransportService is closed stopped can't send request
	at org.elasticsearch.transport.TransportService.sendRequest(TransportService.java:320) ~[elasticsearch-2.4.0.jar:2.4.0]
	at org.elasticsearch.transport.TransportService.sendRequest(TransportService.java:299) ~[elasticsearch-2.4.0.jar:2.4.0]
	at org.elasticsearch.action.support.single.shard.TransportSingleShardAction$AsyncSingleAction.perform(TransportSingleShardAction.java:221) ~[elasticsearch-2.4.0.jar:2.4.0]
	at org.elasticsearch.action.support.single.shard.TransportSingleShardAction$AsyncSingleAction.start(TransportSingleShardAction.java:178) ~[elasticsearch-2.4.0.jar:2.4.0]
	at org.elasticsearch.action.support.single.shard.TransportSingleShardAction.doExecute(TransportSingleShardAction.java:87) ~[elasticsearch-2.4.0.jar:2.4.0]
	at org.elasticsearch.action.support.single.shard.TransportSingleShardAction.doExecute(TransportSingleShardAction.java:51) ~[elasticsearch-2.4.0.jar:2.4.0]
	at org.elasticsearch.action.support.TransportAction.doExecute(TransportAction.java:149) ~[elasticsearch-2.4.0.jar:2.4.0]
	at org.elasticsearch.action.support.TransportAction.execute(TransportAction.java:137) ~[elasticsearch-2.4.0.jar:2.4.0]
	at org.elasticsearch.action.support.TransportAction.execute(TransportAction.java:85) ~[elasticsearch-2.4.0.jar:2.4.0]
	at org.elasticsearch.client.node.NodeClient.doExecute(NodeClient.java:58) ~[elasticsearch-2.4.0.jar:2.4.0]
	at org.elasticsearch.client.support.AbstractClient.execute(AbstractClient.java:359) ~[elasticsearch-2.4.0.jar:2.4.0]
	at org.elasticsearch.action.ActionRequestBuilder.execute(ActionRequestBuilder.java:86) ~[elasticsearch-2.4.0.jar:2.4.0]
	at org.elasticsearch.action.ActionRequestBuilder.execute(ActionRequestBuilder.java:56) ~[elasticsearch-2.4.0.jar:2.4.0]
	at org.elasticsearch.action.ActionRequestBuilder.get(ActionRequestBuilder.java:64) ~[elasticsearch-2.4.0.jar:2.4.0]
	at nl.ivonet.epub.strategy.epub.AuthorStrategy.authorFromIsbn(AuthorStrategy.java:121) ~[classes/:na]
	at nl.ivonet.epub.strategy.epub.AuthorStrategy.execute(AuthorStrategy.java:82) ~[classes/:na]
	at nl.ivonet.epub.processor.epub.EpubConsumer.run(EpubConsumer.java:82) ~[classes/:na]
	at java.util.concurrent.ThreadPoolExecutor.runWorker(ThreadPoolExecutor.java:1142) [na:1.8.0_25]
	at java.util.concurrent.ThreadPoolExecutor$Worker.run(ThreadPoolExecutor.java:617) [na:1.8.0_25]
	at java.lang.Thread.run(Thread.java:745) [na:1.8.0_25]
Unexpected error, will be filed as Error NULL
org.elasticsearch.transport.TransportException: TransportService is closed stopped can't send request
	at org.elasticsearch.transport.TransportService.sendRequest(TransportService.java:320) ~[elasticsearch-2.4.0.jar:2.4.0]
	at org.elasticsearch.transport.TransportService.sendRequest(TransportService.java:299) ~[elasticsearch-2.4.0.jar:2.4.0]
	at org.elasticsearch.action.support.single.shard.TransportSingleShardAction$AsyncSingleAction.perform(TransportSingleShardAction.java:221) ~[elasticsearch-2.4.0.jar:2.4.0]
	at org.elasticsearch.action.support.single.shard.TransportSingleShardAction$AsyncSingleAction.start(TransportSingleShardAction.java:178) ~[elasticsearch-2.4.0.jar:2.4.0]
	at org.elasticsearch.action.support.single.shard.TransportSingleShardAction.doExecute(TransportSingleShardAction.java:87) ~[elasticsearch-2.4.0.jar:2.4.0]
	at org.elasticsearch.action.support.single.shard.TransportSingleShardAction.doExecute(TransportSingleShardAction.java:51) ~[elasticsearch-2.4.0.jar:2.4.0]
	at org.elasticsearch.action.support.TransportAction.doExecute(TransportAction.java:149) ~[elasticsearch-2.4.0.jar:2.4.0]
	at org.elasticsearch.action.support.TransportAction.execute(TransportAction.java:137) ~[elasticsearch-2.4.0.jar:2.4.0]
	at org.elasticsearch.action.support.TransportAction.execute(TransportAction.java:85) ~[elasticsearch-2.4.0.jar:2.4.0]
	at org.elasticsearch.client.node.NodeClient.doExecute(NodeClient.java:58) ~[elasticsearch-2.4.0.jar:2.4.0]
	at org.elasticsearch.client.support.AbstractClient.execute(AbstractClient.java:359) ~[elasticsearch-2.4.0.jar:2.4.0]
	at org.elasticsearch.action.ActionRequestBuilder.execute(ActionRequestBuilder.java:86) ~[elasticsearch-2.4.0.jar:2.4.0]
	at org.elasticsearch.action.ActionRequestBuilder.execute(ActionRequestBuilder.java:56) ~[elasticsearch-2.4.0.jar:2.4.0]
	at org.elasticsearch.action.ActionRequestBuilder.get(ActionRequestBuilder.java:64) ~[elasticsearch-2.4.0.jar:2.4.0]
	at nl.ivonet.epub.strategy.epub.AuthorStrategy.authorFromIsbn(AuthorStrategy.java:121) ~[classes/:na]
	at nl.ivonet.epub.strategy.epub.AuthorStrategy.execute(AuthorStrategy.java:82) ~[classes/:na]
	at nl.ivonet.epub.processor.epub.EpubConsumer.run(EpubConsumer.java:82) ~[classes/:na]
	at java.util.concurrent.ThreadPoolExecutor.runWorker(ThreadPoolExecutor.java:1142) [na:1.8.0_25]
	at java.util.concurrent.ThreadPoolExecutor$Worker.run(ThreadPoolExecutor.java:617) [na:1.8.0_25]
	at java.lang.Thread.run(Thread.java:745) [na:1.8.0_25]
Dropout ebook [Silent Night - Nora Roberts & J. D. Robb & Susan Plunkett & Dee Holmes & Claire Cross.epub] with reason [NullPointer, ISBN]
Dropout ebook [Seize the Night - Sherrilyn Kenyon.epub] with reason [NullPointer, ISBN]
Unexpected error, will be filed as Error NULL
org.elasticsearch.transport.TransportException: TransportService is closed stopped can't send request
	at org.elasticsearch.transport.TransportService.sendRequest(TransportService.java:320) ~[elasticsearch-2.4.0.jar:2.4.0]
	at org.elasticsearch.transport.TransportService.sendRequest(TransportService.java:299) ~[elasticsearch-2.4.0.jar:2.4.0]
	at org.elasticsearch.action.support.single.shard.TransportSingleShardAction$AsyncSingleAction.perform(TransportSingleShardAction.java:221) ~[elasticsearch-2.4.0.jar:2.4.0]
	at org.elasticsearch.action.support.single.shard.TransportSingleShardAction$AsyncSingleAction.start(TransportSingleShardAction.java:178) ~[elasticsearch-2.4.0.jar:2.4.0]
	at org.elasticsearch.action.support.single.shard.TransportSingleShardAction.doExecute(TransportSingleShardAction.java:87) ~[elasticsearch-2.4.0.jar:2.4.0]
	at org.elasticsearch.action.support.single.shard.TransportSingleShardAction.doExecute(TransportSingleShardAction.java:51) ~[elasticsearch-2.4.0.jar:2.4.0]
	at org.elasticsearch.action.support.TransportAction.doExecute(TransportAction.java:149) ~[elasticsearch-2.4.0.jar:2.4.0]
	at org.elasticsearch.action.support.TransportAction.execute(TransportAction.java:137) ~[elasticsearch-2.4.0.jar:2.4.0]
	at org.elasticsearch.action.support.TransportAction.execute(TransportAction.java:85) ~[elasticsearch-2.4.0.jar:2.4.0]
	at org.elasticsearch.client.node.NodeClient.doExecute(NodeClient.java:58) ~[elasticsearch-2.4.0.jar:2.4.0]
	at org.elasticsearch.client.support.AbstractClient.execute(AbstractClient.java:359) ~[elasticsearch-2.4.0.jar:2.4.0]
	at org.elasticsearch.action.ActionRequestBuilder.execute(ActionRequestBuilder.java:86) ~[elasticsearch-2.4.0.jar:2.4.0]
	at org.elasticsearch.action.ActionRequestBuilder.execute(ActionRequestBuilder.java:56) ~[elasticsearch-2.4.0.jar:2.4.0]
	at org.elasticsearch.action.ActionRequestBuilder.get(ActionRequestBuilder.java:64) ~[elasticsearch-2.4.0.jar:2.4.0]
	at nl.ivonet.epub.strategy.epub.AuthorStrategy.authorFromIsbn(AuthorStrategy.java:121) ~[classes/:na]
	at nl.ivonet.epub.strategy.epub.AuthorStrategy.execute(AuthorStrategy.java:82) ~[classes/:na]
	at nl.ivonet.epub.processor.epub.EpubConsumer.run(EpubConsumer.java:82) ~[classes/:na]
	at java.util.concurrent.ThreadPoolExecutor.runWorker(ThreadPoolExecutor.java:1142) [na:1.8.0_25]
	at java.util.concurrent.ThreadPoolExecutor$Worker.run(ThreadPoolExecutor.java:617) [na:1.8.0_25]
	at java.lang.Thread.run(Thread.java:745) [na:1.8.0_25]
Unexpected error, will be filed as Error NULL
org.elasticsearch.transport.TransportException: TransportService is closed stopped can't send request
	at org.elasticsearch.transport.TransportService.sendRequest(TransportService.java:320) ~[elasticsearch-2.4.0.jar:2.4.0]
	at org.elasticsearch.transport.TransportService.sendRequest(TransportService.java:299) ~[elasticsearch-2.4.0.jar:2.4.0]
	at org.elasticsearch.action.support.single.shard.TransportSingleShardAction$AsyncSingleAction.perform(TransportSingleShardAction.java:221) ~[elasticsearch-2.4.0.jar:2.4.0]
	at org.elasticsearch.action.support.single.shard.TransportSingleShardAction$AsyncSingleAction.start(TransportSingleShardAction.java:178) ~[elasticsearch-2.4.0.jar:2.4.0]
	at org.elasticsearch.action.support.single.shard.TransportSingleShardAction.doExecute(TransportSingleShardAction.java:87) ~[elasticsearch-2.4.0.jar:2.4.0]
	at org.elasticsearch.action.support.single.shard.TransportSingleShardAction.doExecute(TransportSingleShardAction.java:51) ~[elasticsearch-2.4.0.jar:2.4.0]
	at org.elasticsearch.action.support.TransportAction.doExecute(TransportAction.java:149) ~[elasticsearch-2.4.0.jar:2.4.0]
	at org.elasticsearch.action.support.TransportAction.execute(TransportAction.java:137) ~[elasticsearch-2.4.0.jar:2.4.0]
	at org.elasticsearch.action.support.TransportAction.execute(TransportAction.java:85) ~[elasticsearch-2.4.0.jar:2.4.0]
	at org.elasticsearch.client.node.NodeClient.doExecute(NodeClient.java:58) ~[elasticsearch-2.4.0.jar:2.4.0]
	at org.elasticsearch.client.support.AbstractClient.execute(AbstractClient.java:359) ~[elasticsearch-2.4.0.jar:2.4.0]
	at org.elasticsearch.action.ActionRequestBuilder.execute(ActionRequestBuilder.java:86) ~[elasticsearch-2.4.0.jar:2.4.0]
	at org.elasticsearch.action.ActionRequestBuilder.execute(ActionRequestBuilder.java:56) ~[elasticsearch-2.4.0.jar:2.4.0]
	at org.elasticsearch.action.ActionRequestBuilder.get(ActionRequestBuilder.java:64) ~[elasticsearch-2.4.0.jar:2.4.0]
	at nl.ivonet.epub.strategy.epub.AuthorStrategy.authorFromIsbn(AuthorStrategy.java:121) ~[classes/:na]
	at nl.ivonet.epub.strategy.epub.AuthorStrategy.execute(AuthorStrategy.java:82) ~[classes/:na]
	at nl.ivonet.epub.processor.epub.EpubConsumer.run(EpubConsumer.java:82) ~[classes/:na]
	at java.util.concurrent.ThreadPoolExecutor.runWorker(ThreadPoolExecutor.java:1142) [na:1.8.0_25]
	at java.util.concurrent.ThreadPoolExecutor$Worker.run(ThreadPoolExecutor.java:617) [na:1.8.0_25]
	at java.lang.Thread.run(Thread.java:745) [na:1.8.0_25]
Dropout ebook [Shan - Eric van Lustbader.epub] with reason [NullPointer, ISBN]
Dropout ebook [Silver Borne - Patricia Briggs.epub] with reason [NullPointer, ISBN]
Unexpected error, will be filed as Error NULL
org.elasticsearch.transport.TransportException: TransportService is closed stopped can't send request
	at org.elasticsearch.transport.TransportService.sendRequest(TransportService.java:320) ~[elasticsearch-2.4.0.jar:2.4.0]
	at org.elasticsearch.transport.TransportService.sendRequest(TransportService.java:299) ~[elasticsearch-2.4.0.jar:2.4.0]
	at org.elasticsearch.action.support.single.shard.TransportSingleShardAction$AsyncSingleAction.perform(TransportSingleShardAction.java:221) ~[elasticsearch-2.4.0.jar:2.4.0]
	at org.elasticsearch.action.support.single.shard.TransportSingleShardAction$AsyncSingleAction.start(TransportSingleShardAction.java:178) ~[elasticsearch-2.4.0.jar:2.4.0]
	at org.elasticsearch.action.support.single.shard.TransportSingleShardAction.doExecute(TransportSingleShardAction.java:87) ~[elasticsearch-2.4.0.jar:2.4.0]
	at org.elasticsearch.action.support.single.shard.TransportSingleShardAction.doExecute(TransportSingleShardAction.java:51) ~[elasticsearch-2.4.0.jar:2.4.0]
	at org.elasticsearch.action.support.TransportAction.doExecute(TransportAction.java:149) ~[elasticsearch-2.4.0.jar:2.4.0]
	at org.elasticsearch.action.support.TransportAction.execute(TransportAction.java:137) ~[elasticsearch-2.4.0.jar:2.4.0]
	at org.elasticsearch.action.support.TransportAction.execute(TransportAction.java:85) ~[elasticsearch-2.4.0.jar:2.4.0]
	at org.elasticsearch.client.node.NodeClient.doExecute(NodeClient.java:58) ~[elasticsearch-2.4.0.jar:2.4.0]
	at org.elasticsearch.client.support.AbstractClient.execute(AbstractClient.java:359) ~[elasticsearch-2.4.0.jar:2.4.0]
	at org.elasticsearch.action.ActionRequestBuilder.execute(ActionRequestBuilder.java:86) ~[elasticsearch-2.4.0.jar:2.4.0]
	at org.elasticsearch.action.ActionRequestBuilder.execute(ActionRequestBuilder.java:56) ~[elasticsearch-2.4.0.jar:2.4.0]
	at org.elasticsearch.action.ActionRequestBuilder.get(ActionRequestBuilder.java:64) ~[elasticsearch-2.4.0.jar:2.4.0]
	at nl.ivonet.epub.strategy.epub.AuthorStrategy.authorFromIsbn(AuthorStrategy.java:121) ~[classes/:na]
	at nl.ivonet.epub.strategy.epub.AuthorStrategy.execute(AuthorStrategy.java:82) ~[classes/:na]
	at nl.ivonet.epub.processor.epub.EpubConsumer.run(EpubConsumer.java:82) ~[classes/:na]
	at java.util.concurrent.ThreadPoolExecutor.runWorker(ThreadPoolExecutor.java:1142) [na:1.8.0_25]
	at java.util.concurrent.ThreadPoolExecutor$Worker.run(ThreadPoolExecutor.java:617) [na:1.8.0_25]
	at java.lang.Thread.run(Thread.java:745) [na:1.8.0_25]
Unexpected error, will be filed as Error NULL
org.elasticsearch.transport.TransportException: TransportService is closed stopped can't send request
	at org.elasticsearch.transport.TransportService.sendRequest(TransportService.java:320) ~[elasticsearch-2.4.0.jar:2.4.0]
	at org.elasticsearch.transport.TransportService.sendRequest(TransportService.java:299) ~[elasticsearch-2.4.0.jar:2.4.0]
	at org.elasticsearch.action.support.single.shard.TransportSingleShardAction$AsyncSingleAction.perform(TransportSingleShardAction.java:221) ~[elasticsearch-2.4.0.jar:2.4.0]
	at org.elasticsearch.action.support.single.shard.TransportSingleShardAction$AsyncSingleAction.start(TransportSingleShardAction.java:178) ~[elasticsearch-2.4.0.jar:2.4.0]
	at org.elasticsearch.action.support.single.shard.TransportSingleShardAction.doExecute(TransportSingleShardAction.java:87) ~[elasticsearch-2.4.0.jar:2.4.0]
	at org.elasticsearch.action.support.single.shard.TransportSingleShardAction.doExecute(TransportSingleShardAction.java:51) ~[elasticsearch-2.4.0.jar:2.4.0]
	at org.elasticsearch.action.support.TransportAction.doExecute(TransportAction.java:149) ~[elasticsearch-2.4.0.jar:2.4.0]
	at org.elasticsearch.action.support.TransportAction.execute(TransportAction.java:137) ~[elasticsearch-2.4.0.jar:2.4.0]
	at org.elasticsearch.action.support.TransportAction.execute(TransportAction.java:85) ~[elasticsearch-2.4.0.jar:2.4.0]
	at org.elasticsearch.client.node.NodeClient.doExecute(NodeClient.java:58) ~[elasticsearch-2.4.0.jar:2.4.0]
	at org.elasticsearch.client.support.AbstractClient.execute(AbstractClient.java:359) ~[elasticsearch-2.4.0.jar:2.4.0]
	at org.elasticsearch.action.ActionRequestBuilder.execute(ActionRequestBuilder.java:86) ~[elasticsearch-2.4.0.jar:2.4.0]
	at org.elasticsearch.action.ActionRequestBuilder.execute(ActionRequestBuilder.java:56) ~[elasticsearch-2.4.0.jar:2.4.0]
	at org.elasticsearch.action.ActionRequestBuilder.get(ActionRequestBuilder.java:64) ~[elasticsearch-2.4.0.jar:2.4.0]
	at nl.ivonet.epub.strategy.epub.AuthorStrategy.authorFromIsbn(AuthorStrategy.java:121) ~[classes/:na]
	at nl.ivonet.epub.strategy.epub.AuthorStrategy.execute(AuthorStrategy.java:82) ~[classes/:na]
	at nl.ivonet.epub.processor.epub.EpubConsumer.run(EpubConsumer.java:82) ~[classes/:na]
	at java.util.concurrent.ThreadPoolExecutor.runWorker(ThreadPoolExecutor.java:1142) [na:1.8.0_25]
	at java.util.concurrent.ThreadPoolExecutor$Worker.run(ThreadPoolExecutor.java:617) [na:1.8.0_25]
	at java.lang.Thread.run(Thread.java:745) [na:1.8.0_25]
Dropout ebook [Sweet Seduction - Maya Banks.epub] with reason [NullPointer, ISBN]
Dropout ebook [Storm breaking - Mercedes Lackey.epub] with reason [NullPointer, ISBN]
Unexpected error, will be filed as Error NULL
org.elasticsearch.transport.TransportException: TransportService is closed stopped can't send request
	at org.elasticsearch.transport.TransportService.sendRequest(TransportService.java:320) ~[elasticsearch-2.4.0.jar:2.4.0]
	at org.elasticsearch.transport.TransportService.sendRequest(TransportService.java:299) ~[elasticsearch-2.4.0.jar:2.4.0]
	at org.elasticsearch.action.support.single.shard.TransportSingleShardAction$AsyncSingleAction.perform(TransportSingleShardAction.java:221) ~[elasticsearch-2.4.0.jar:2.4.0]
	at org.elasticsearch.action.support.single.shard.TransportSingleShardAction$AsyncSingleAction.start(TransportSingleShardAction.java:178) ~[elasticsearch-2.4.0.jar:2.4.0]
	at org.elasticsearch.action.support.single.shard.TransportSingleShardAction.doExecute(TransportSingleShardAction.java:87) ~[elasticsearch-2.4.0.jar:2.4.0]
	at org.elasticsearch.action.support.single.shard.TransportSingleShardAction.doExecute(TransportSingleShardAction.java:51) ~[elasticsearch-2.4.0.jar:2.4.0]
	at org.elasticsearch.action.support.TransportAction.doExecute(TransportAction.java:149) ~[elasticsearch-2.4.0.jar:2.4.0]
	at org.elasticsearch.action.support.TransportAction.execute(TransportAction.java:137) ~[elasticsearch-2.4.0.jar:2.4.0]
	at org.elasticsearch.action.support.TransportAction.execute(TransportAction.java:85) ~[elasticsearch-2.4.0.jar:2.4.0]
	at org.elasticsearch.client.node.NodeClient.doExecute(NodeClient.java:58) ~[elasticsearch-2.4.0.jar:2.4.0]
	at org.elasticsearch.client.support.AbstractClient.execute(AbstractClient.java:359) ~[elasticsearch-2.4.0.jar:2.4.0]
	at org.elasticsearch.action.ActionRequestBuilder.execute(ActionRequestBuilder.java:86) ~[elasticsearch-2.4.0.jar:2.4.0]
	at org.elasticsearch.action.ActionRequestBuilder.execute(ActionRequestBuilder.java:56) ~[elasticsearch-2.4.0.jar:2.4.0]
	at org.elasticsearch.action.ActionRequestBuilder.get(ActionRequestBuilder.java:64) ~[elasticsearch-2.4.0.jar:2.4.0]
	at nl.ivonet.epub.strategy.epub.AuthorStrategy.authorFromIsbn(AuthorStrategy.java:121) ~[classes/:na]
	at nl.ivonet.epub.strategy.epub.AuthorStrategy.execute(AuthorStrategy.java:82) ~[classes/:na]
	at nl.ivonet.epub.processor.epub.EpubConsumer.run(EpubConsumer.java:82) ~[classes/:na]
	at java.util.concurrent.ThreadPoolExecutor.runWorker(ThreadPoolExecutor.java:1142) [na:1.8.0_25]
	at java.util.concurrent.ThreadPoolExecutor$Worker.run(ThreadPoolExecutor.java:617) [na:1.8.0_25]
	at java.lang.Thread.run(Thread.java:745) [na:1.8.0_25]
Unexpected error, will be filed as Error NULL
org.elasticsearch.transport.TransportException: TransportService is closed stopped can't send request
	at org.elasticsearch.transport.TransportService.sendRequest(TransportService.java:320) ~[elasticsearch-2.4.0.jar:2.4.0]
	at org.elasticsearch.transport.TransportService.sendRequest(TransportService.java:299) ~[elasticsearch-2.4.0.jar:2.4.0]
	at org.elasticsearch.action.support.single.shard.TransportSingleShardAction$AsyncSingleAction.perform(TransportSingleShardAction.java:221) ~[elasticsearch-2.4.0.jar:2.4.0]
	at org.elasticsearch.action.support.single.shard.TransportSingleShardAction$AsyncSingleAction.start(TransportSingleShardAction.java:178) ~[elasticsearch-2.4.0.jar:2.4.0]
	at org.elasticsearch.action.support.single.shard.TransportSingleShardAction.doExecute(TransportSingleShardAction.java:87) ~[elasticsearch-2.4.0.jar:2.4.0]
	at org.elasticsearch.action.support.single.shard.TransportSingleShardAction.doExecute(TransportSingleShardAction.java:51) ~[elasticsearch-2.4.0.jar:2.4.0]
	at org.elasticsearch.action.support.TransportAction.doExecute(TransportAction.java:149) ~[elasticsearch-2.4.0.jar:2.4.0]
	at org.elasticsearch.action.support.TransportAction.execute(TransportAction.java:137) ~[elasticsearch-2.4.0.jar:2.4.0]
	at org.elasticsearch.action.support.TransportAction.execute(TransportAction.java:85) ~[elasticsearch-2.4.0.jar:2.4.0]
	at org.elasticsearch.client.node.NodeClient.doExecute(NodeClient.java:58) ~[elasticsearch-2.4.0.jar:2.4.0]
	at org.elasticsearch.client.support.AbstractClient.execute(AbstractClient.java:359) ~[elasticsearch-2.4.0.jar:2.4.0]
	at org.elasticsearch.action.ActionRequestBuilder.execute(ActionRequestBuilder.java:86) ~[elasticsearch-2.4.0.jar:2.4.0]
	at org.elasticsearch.action.ActionRequestBuilder.execute(ActionRequestBuilder.java:56) ~[elasticsearch-2.4.0.jar:2.4.0]
	at org.elasticsearch.action.ActionRequestBuilder.get(ActionRequestBuilder.java:64) ~[elasticsearch-2.4.0.jar:2.4.0]
	at nl.ivonet.epub.strategy.epub.AuthorStrategy.authorFromIsbn(AuthorStrategy.java:121) ~[classes/:na]
	at nl.ivonet.epub.strategy.epub.AuthorStrategy.execute(AuthorStrategy.java:82) ~[classes/:na]
	at nl.ivonet.epub.processor.epub.EpubConsumer.run(EpubConsumer.java:82) ~[classes/:na]
	at java.util.concurrent.ThreadPoolExecutor.runWorker(ThreadPoolExecutor.java:1142) [na:1.8.0_25]
	at java.util.concurrent.ThreadPoolExecutor$Worker.run(ThreadPoolExecutor.java:617) [na:1.8.0_25]
	at java.lang.Thread.run(Thread.java:745) [na:1.8.0_25]
Dropout ebook [Tangle Box, The - Terry Brooks.epub] with reason [NullPointer, ISBN]
Unexpected error, will be filed as Error NULL
org.elasticsearch.transport.TransportException: TransportService is closed stopped can't send request
	at org.elasticsearch.transport.TransportService.sendRequest(TransportService.java:320) ~[elasticsearch-2.4.0.jar:2.4.0]
	at org.elasticsearch.transport.TransportService.sendRequest(TransportService.java:299) ~[elasticsearch-2.4.0.jar:2.4.0]
	at org.elasticsearch.action.support.single.shard.TransportSingleShardAction$AsyncSingleAction.perform(TransportSingleShardAction.java:221) ~[elasticsearch-2.4.0.jar:2.4.0]
	at org.elasticsearch.action.support.single.shard.TransportSingleShardAction$AsyncSingleAction.start(TransportSingleShardAction.java:178) ~[elasticsearch-2.4.0.jar:2.4.0]
	at org.elasticsearch.action.support.single.shard.TransportSingleShardAction.doExecute(TransportSingleShardAction.java:87) ~[elasticsearch-2.4.0.jar:2.4.0]
	at org.elasticsearch.action.support.single.shard.TransportSingleShardAction.doExecute(TransportSingleShardAction.java:51) ~[elasticsearch-2.4.0.jar:2.4.0]
	at org.elasticsearch.action.support.TransportAction.doExecute(TransportAction.java:149) ~[elasticsearch-2.4.0.jar:2.4.0]
	at org.elasticsearch.action.support.TransportAction.execute(TransportAction.java:137) ~[elasticsearch-2.4.0.jar:2.4.0]
	at org.elasticsearch.action.support.TransportAction.execute(TransportAction.java:85) ~[elasticsearch-2.4.0.jar:2.4.0]
	at org.elasticsearch.client.node.NodeClient.doExecute(NodeClient.java:58) ~[elasticsearch-2.4.0.jar:2.4.0]
	at org.elasticsearch.client.support.AbstractClient.execute(AbstractClient.java:359) ~[elasticsearch-2.4.0.jar:2.4.0]
	at org.elasticsearch.action.ActionRequestBuilder.execute(ActionRequestBuilder.java:86) ~[elasticsearch-2.4.0.jar:2.4.0]
	at org.elasticsearch.action.ActionRequestBuilder.execute(ActionRequestBuilder.java:56) ~[elasticsearch-2.4.0.jar:2.4.0]
	at org.elasticsearch.action.ActionRequestBuilder.get(ActionRequestBuilder.java:64) ~[elasticsearch-2.4.0.jar:2.4.0]
	at nl.ivonet.epub.strategy.epub.AuthorStrategy.authorFromIsbn(AuthorStrategy.java:121) ~[classes/:na]
	at nl.ivonet.epub.strategy.epub.AuthorStrategy.execute(AuthorStrategy.java:82) ~[classes/:na]
	at nl.ivonet.epub.processor.epub.EpubConsumer.run(EpubConsumer.java:82) ~[classes/:na]
	at java.util.concurrent.ThreadPoolExecutor.runWorker(ThreadPoolExecutor.java:1142) [na:1.8.0_25]
	at java.util.concurrent.ThreadPoolExecutor$Worker.run(ThreadPoolExecutor.java:617) [na:1.8.0_25]
	at java.lang.Thread.run(Thread.java:745) [na:1.8.0_25]
Unexpected error, will be filed as Error NULL
org.elasticsearch.transport.TransportException: TransportService is closed stopped can't send request
	at org.elasticsearch.transport.TransportService.sendRequest(TransportService.java:320) ~[elasticsearch-2.4.0.jar:2.4.0]
	at org.elasticsearch.transport.TransportService.sendRequest(TransportService.java:299) ~[elasticsearch-2.4.0.jar:2.4.0]
	at org.elasticsearch.action.support.single.shard.TransportSingleShardAction$AsyncSingleAction.perform(TransportSingleShardAction.java:221) ~[elasticsearch-2.4.0.jar:2.4.0]
	at org.elasticsearch.action.support.single.shard.TransportSingleShardAction$AsyncSingleAction.start(TransportSingleShardAction.java:178) ~[elasticsearch-2.4.0.jar:2.4.0]
	at org.elasticsearch.action.support.single.shard.TransportSingleShardAction.doExecute(TransportSingleShardAction.java:87) ~[elasticsearch-2.4.0.jar:2.4.0]
	at org.elasticsearch.action.support.single.shard.TransportSingleShardAction.doExecute(TransportSingleShardAction.java:51) ~[elasticsearch-2.4.0.jar:2.4.0]
	at org.elasticsearch.action.support.TransportAction.doExecute(TransportAction.java:149) ~[elasticsearch-2.4.0.jar:2.4.0]
	at org.elasticsearch.action.support.TransportAction.execute(TransportAction.java:137) ~[elasticsearch-2.4.0.jar:2.4.0]
	at org.elasticsearch.action.support.TransportAction.execute(TransportAction.java:85) ~[elasticsearch-2.4.0.jar:2.4.0]
	at org.elasticsearch.client.node.NodeClient.doExecute(NodeClient.java:58) ~[elasticsearch-2.4.0.jar:2.4.0]
	at org.elasticsearch.client.support.AbstractClient.execute(AbstractClient.java:359) ~[elasticsearch-2.4.0.jar:2.4.0]
	at org.elasticsearch.action.ActionRequestBuilder.execute(ActionRequestBuilder.java:86) ~[elasticsearch-2.4.0.jar:2.4.0]
	at org.elasticsearch.action.ActionRequestBuilder.execute(ActionRequestBuilder.java:56) ~[elasticsearch-2.4.0.jar:2.4.0]
	at org.elasticsearch.action.ActionRequestBuilder.get(ActionRequestBuilder.java:64) ~[elasticsearch-2.4.0.jar:2.4.0]
	at nl.ivonet.epub.strategy.epub.AuthorStrategy.authorFromIsbn(AuthorStrategy.java:121) ~[classes/:na]
	at nl.ivonet.epub.strategy.epub.AuthorStrategy.execute(AuthorStrategy.java:82) ~[classes/:na]
	at nl.ivonet.epub.processor.epub.EpubConsumer.run(EpubConsumer.java:82) ~[classes/:na]
	at java.util.concurrent.ThreadPoolExecutor.runWorker(ThreadPoolExecutor.java:1142) [na:1.8.0_25]
	at java.util.concurrent.ThreadPoolExecutor$Worker.run(ThreadPoolExecutor.java:617) [na:1.8.0_25]
	at java.lang.Thread.run(Thread.java:745) [na:1.8.0_25]
Dropout ebook [Werehunter - Mercedes Lackey.epub] with reason [NullPointer, ISBN]
Dropout ebook [To light a candle - Mercedes Lackey & James Mallory.epub] with reason [NullPointer, ISBN]
Dropout ebook [Undone - Rachel Caine.epub] with reason [NullPointer, ISBN]
Unexpected error, will be filed as Error NULL
org.elasticsearch.transport.TransportException: TransportService is closed stopped can't send request
	at org.elasticsearch.transport.TransportService.sendRequest(TransportService.java:320) ~[elasticsearch-2.4.0.jar:2.4.0]
	at org.elasticsearch.transport.TransportService.sendRequest(TransportService.java:299) ~[elasticsearch-2.4.0.jar:2.4.0]
	at org.elasticsearch.action.support.single.shard.TransportSingleShardAction$AsyncSingleAction.perform(TransportSingleShardAction.java:221) ~[elasticsearch-2.4.0.jar:2.4.0]
	at org.elasticsearch.action.support.single.shard.TransportSingleShardAction$AsyncSingleAction.start(TransportSingleShardAction.java:178) ~[elasticsearch-2.4.0.jar:2.4.0]
	at org.elasticsearch.action.support.single.shard.TransportSingleShardAction.doExecute(TransportSingleShardAction.java:87) ~[elasticsearch-2.4.0.jar:2.4.0]
	at org.elasticsearch.action.support.single.shard.TransportSingleShardAction.doExecute(TransportSingleShardAction.java:51) ~[elasticsearch-2.4.0.jar:2.4.0]
	at org.elasticsearch.action.support.TransportAction.doExecute(TransportAction.java:149) ~[elasticsearch-2.4.0.jar:2.4.0]
	at org.elasticsearch.action.support.TransportAction.execute(TransportAction.java:137) ~[elasticsearch-2.4.0.jar:2.4.0]
	at org.elasticsearch.action.support.TransportAction.execute(TransportAction.java:85) ~[elasticsearch-2.4.0.jar:2.4.0]
	at org.elasticsearch.client.node.NodeClient.doExecute(NodeClient.java:58) ~[elasticsearch-2.4.0.jar:2.4.0]
	at org.elasticsearch.client.support.AbstractClient.execute(AbstractClient.java:359) ~[elasticsearch-2.4.0.jar:2.4.0]
	at org.elasticsearch.action.ActionRequestBuilder.execute(ActionRequestBuilder.java:86) ~[elasticsearch-2.4.0.jar:2.4.0]
	at org.elasticsearch.action.ActionRequestBuilder.execute(ActionRequestBuilder.java:56) ~[elasticsearch-2.4.0.jar:2.4.0]
	at org.elasticsearch.action.ActionRequestBuilder.get(ActionRequestBuilder.java:64) ~[elasticsearch-2.4.0.jar:2.4.0]
	at nl.ivonet.epub.strategy.epub.AuthorStrategy.authorFromIsbn(AuthorStrategy.java:121) ~[classes/:na]
	at nl.ivonet.epub.strategy.epub.AuthorStrategy.execute(AuthorStrategy.java:82) ~[classes/:na]
	at nl.ivonet.epub.processor.epub.EpubConsumer.run(EpubConsumer.java:82) ~[classes/:na]
	at java.util.concurrent.ThreadPoolExecutor.runWorker(ThreadPoolExecutor.java:1142) [na:1.8.0_25]
	at java.util.concurrent.ThreadPoolExecutor$Worker.run(ThreadPoolExecutor.java:617) [na:1.8.0_25]
	at java.lang.Thread.run(Thread.java:745) [na:1.8.0_25]
Dropout ebook [Wife for Hire - Janet Evanovich.epub] with reason [NullPointer, ISBN]
Unexpected error, will be filed as Error NULL
org.elasticsearch.transport.TransportException: TransportService is closed stopped can't send request
	at org.elasticsearch.transport.TransportService.sendRequest(TransportService.java:320) ~[elasticsearch-2.4.0.jar:2.4.0]
	at org.elasticsearch.transport.TransportService.sendRequest(TransportService.java:299) ~[elasticsearch-2.4.0.jar:2.4.0]
	at org.elasticsearch.action.support.single.shard.TransportSingleShardAction$AsyncSingleAction.perform(TransportSingleShardAction.java:221) ~[elasticsearch-2.4.0.jar:2.4.0]
	at org.elasticsearch.action.support.single.shard.TransportSingleShardAction$AsyncSingleAction.start(TransportSingleShardAction.java:178) ~[elasticsearch-2.4.0.jar:2.4.0]
	at org.elasticsearch.action.support.single.shard.TransportSingleShardAction.doExecute(TransportSingleShardAction.java:87) ~[elasticsearch-2.4.0.jar:2.4.0]
	at org.elasticsearch.action.support.single.shard.TransportSingleShardAction.doExecute(TransportSingleShardAction.java:51) ~[elasticsearch-2.4.0.jar:2.4.0]
	at org.elasticsearch.action.support.TransportAction.doExecute(TransportAction.java:149) ~[elasticsearch-2.4.0.jar:2.4.0]
	at org.elasticsearch.action.support.TransportAction.execute(TransportAction.java:137) ~[elasticsearch-2.4.0.jar:2.4.0]
	at org.elasticsearch.action.support.TransportAction.execute(TransportAction.java:85) ~[elasticsearch-2.4.0.jar:2.4.0]
	at org.elasticsearch.client.node.NodeClient.doExecute(NodeClient.java:58) ~[elasticsearch-2.4.0.jar:2.4.0]
	at org.elasticsearch.client.support.AbstractClient.execute(AbstractClient.java:359) ~[elasticsearch-2.4.0.jar:2.4.0]
	at org.elasticsearch.action.ActionRequestBuilder.execute(ActionRequestBuilder.java:86) ~[elasticsearch-2.4.0.jar:2.4.0]
	at org.elasticsearch.action.ActionRequestBuilder.execute(ActionRequestBuilder.java:56) ~[elasticsearch-2.4.0.jar:2.4.0]
	at org.elasticsearch.action.ActionRequestBuilder.get(ActionRequestBuilder.java:64) ~[elasticsearch-2.4.0.jar:2.4.0]
	at nl.ivonet.epub.strategy.epub.AuthorStrategy.authorFromIsbn(AuthorStrategy.java:121) ~[classes/:na]
	at nl.ivonet.epub.strategy.epub.AuthorStrategy.execute(AuthorStrategy.java:82) ~[classes/:na]
	at nl.ivonet.epub.processor.epub.EpubConsumer.run(EpubConsumer.java:82) ~[classes/:na]
	at java.util.concurrent.ThreadPoolExecutor.runWorker(ThreadPoolExecutor.java:1142) [na:1.8.0_25]
	at java.util.concurrent.ThreadPoolExecutor$Worker.run(ThreadPoolExecutor.java:617) [na:1.8.0_25]
	at java.lang.Thread.run(Thread.java:745) [na:1.8.0_25]
Dropout ebook [Witness in Death - Nora Roberts & J. D. Robb.epub] with reason [NullPointer, ISBN]
Unexpected error, will be filed as Error NULL
org.elasticsearch.transport.TransportException: TransportService is closed stopped can't send request
	at org.elasticsearch.transport.TransportService.sendRequest(TransportService.java:320) ~[elasticsearch-2.4.0.jar:2.4.0]
	at org.elasticsearch.transport.TransportService.sendRequest(TransportService.java:299) ~[elasticsearch-2.4.0.jar:2.4.0]
	at org.elasticsearch.action.support.single.shard.TransportSingleShardAction$AsyncSingleAction.perform(TransportSingleShardAction.java:221) ~[elasticsearch-2.4.0.jar:2.4.0]
	at org.elasticsearch.action.support.single.shard.TransportSingleShardAction$AsyncSingleAction.start(TransportSingleShardAction.java:178) ~[elasticsearch-2.4.0.jar:2.4.0]
	at org.elasticsearch.action.support.single.shard.TransportSingleShardAction.doExecute(TransportSingleShardAction.java:87) ~[elasticsearch-2.4.0.jar:2.4.0]
	at org.elasticsearch.action.support.single.shard.TransportSingleShardAction.doExecute(TransportSingleShardAction.java:51) ~[elasticsearch-2.4.0.jar:2.4.0]
	at org.elasticsearch.action.support.TransportAction.doExecute(TransportAction.java:149) ~[elasticsearch-2.4.0.jar:2.4.0]
	at org.elasticsearch.action.support.TransportAction.execute(TransportAction.java:137) ~[elasticsearch-2.4.0.jar:2.4.0]
	at org.elasticsearch.action.support.TransportAction.execute(TransportAction.java:85) ~[elasticsearch-2.4.0.jar:2.4.0]
	at org.elasticsearch.client.node.NodeClient.doExecute(NodeClient.java:58) ~[elasticsearch-2.4.0.jar:2.4.0]
	at org.elasticsearch.client.support.AbstractClient.execute(AbstractClient.java:359) ~[elasticsearch-2.4.0.jar:2.4.0]
	at org.elasticsearch.action.ActionRequestBuilder.execute(ActionRequestBuilder.java:86) ~[elasticsearch-2.4.0.jar:2.4.0]
	at org.elasticsearch.action.ActionRequestBuilder.execute(ActionRequestBuilder.java:56) ~[elasticsearch-2.4.0.jar:2.4.0]
	at org.elasticsearch.action.ActionRequestBuilder.get(ActionRequestBuilder.java:64) ~[elasticsearch-2.4.0.jar:2.4.0]
	at nl.ivonet.epub.strategy.epub.AuthorStrategy.authorFromIsbn(AuthorStrategy.java:121) ~[classes/:na]
	at nl.ivonet.epub.strategy.epub.AuthorStrategy.execute(AuthorStrategy.java:82) ~[classes/:na]
	at nl.ivonet.epub.processor.epub.EpubConsumer.run(EpubConsumer.java:82) ~[classes/:na]
	at java.util.concurrent.ThreadPoolExecutor.runWorker(ThreadPoolExecutor.java:1142) [na:1.8.0_25]
	at java.util.concurrent.ThreadPoolExecutor$Worker.run(ThreadPoolExecutor.java:617) [na:1.8.0_25]
	at java.lang.Thread.run(Thread.java:745) [na:1.8.0_25]
Dropout ebook [Gentle Wisdom for a Complicated World - Noah benShea.epub] with reason [NullPointer, ISBN]
Unexpected error, will be filed as Error NULL
org.elasticsearch.transport.TransportException: TransportService is closed stopped can't send request
	at org.elasticsearch.transport.TransportService.sendRequest(TransportService.java:320) ~[elasticsearch-2.4.0.jar:2.4.0]
	at org.elasticsearch.transport.TransportService.sendRequest(TransportService.java:299) ~[elasticsearch-2.4.0.jar:2.4.0]
	at org.elasticsearch.action.support.single.shard.TransportSingleShardAction$AsyncSingleAction.perform(TransportSingleShardAction.java:221) ~[elasticsearch-2.4.0.jar:2.4.0]
	at org.elasticsearch.action.support.single.shard.TransportSingleShardAction$AsyncSingleAction.start(TransportSingleShardAction.java:178) ~[elasticsearch-2.4.0.jar:2.4.0]
	at org.elasticsearch.action.support.single.shard.TransportSingleShardAction.doExecute(TransportSingleShardAction.java:87) ~[elasticsearch-2.4.0.jar:2.4.0]
	at org.elasticsearch.action.support.single.shard.TransportSingleShardAction.doExecute(TransportSingleShardAction.java:51) ~[elasticsearch-2.4.0.jar:2.4.0]
	at org.elasticsearch.action.support.TransportAction.doExecute(TransportAction.java:149) ~[elasticsearch-2.4.0.jar:2.4.0]
	at org.elasticsearch.action.support.TransportAction.execute(TransportAction.java:137) ~[elasticsearch-2.4.0.jar:2.4.0]
	at org.elasticsearch.action.support.TransportAction.execute(TransportAction.java:85) ~[elasticsearch-2.4.0.jar:2.4.0]
	at org.elasticsearch.client.node.NodeClient.doExecute(NodeClient.java:58) ~[elasticsearch-2.4.0.jar:2.4.0]
	at org.elasticsearch.client.support.AbstractClient.execute(AbstractClient.java:359) ~[elasticsearch-2.4.0.jar:2.4.0]
	at org.elasticsearch.action.ActionRequestBuilder.execute(ActionRequestBuilder.java:86) ~[elasticsearch-2.4.0.jar:2.4.0]
	at org.elasticsearch.action.ActionRequestBuilder.execute(ActionRequestBuilder.java:56) ~[elasticsearch-2.4.0.jar:2.4.0]
	at org.elasticsearch.action.ActionRequestBuilder.get(ActionRequestBuilder.java:64) ~[elasticsearch-2.4.0.jar:2.4.0]
	at nl.ivonet.epub.strategy.epub.AuthorStrategy.authorFromIsbn(AuthorStrategy.java:121) ~[classes/:na]
	at nl.ivonet.epub.strategy.epub.AuthorStrategy.execute(AuthorStrategy.java:82) ~[classes/:na]
	at nl.ivonet.epub.processor.epub.EpubConsumer.run(EpubConsumer.java:82) ~[classes/:na]
	at java.util.concurrent.ThreadPoolExecutor.runWorker(ThreadPoolExecutor.java:1142) [na:1.8.0_25]
	at java.util.concurrent.ThreadPoolExecutor$Worker.run(ThreadPoolExecutor.java:617) [na:1.8.0_25]
	at java.lang.Thread.run(Thread.java:745) [na:1.8.0_25]
Dropout ebook [Get Off the Unicorn - Anne McCaffrey.epub] with reason [NullPointer, ISBN]
Unexpected error, will be filed as Error NULL
org.elasticsearch.transport.TransportException: TransportService is closed stopped can't send request
	at org.elasticsearch.transport.TransportService.sendRequest(TransportService.java:320) ~[elasticsearch-2.4.0.jar:2.4.0]
	at org.elasticsearch.transport.TransportService.sendRequest(TransportService.java:299) ~[elasticsearch-2.4.0.jar:2.4.0]
	at org.elasticsearch.action.support.single.shard.TransportSingleShardAction$AsyncSingleAction.perform(TransportSingleShardAction.java:221) ~[elasticsearch-2.4.0.jar:2.4.0]
	at org.elasticsearch.action.support.single.shard.TransportSingleShardAction$AsyncSingleAction.start(TransportSingleShardAction.java:178) ~[elasticsearch-2.4.0.jar:2.4.0]
	at org.elasticsearch.action.support.single.shard.TransportSingleShardAction.doExecute(TransportSingleShardAction.java:87) ~[elasticsearch-2.4.0.jar:2.4.0]
	at org.elasticsearch.action.support.single.shard.TransportSingleShardAction.doExecute(TransportSingleShardAction.java:51) ~[elasticsearch-2.4.0.jar:2.4.0]
	at org.elasticsearch.action.support.TransportAction.doExecute(TransportAction.java:149) ~[elasticsearch-2.4.0.jar:2.4.0]
	at org.elasticsearch.action.support.TransportAction.execute(TransportAction.java:137) ~[elasticsearch-2.4.0.jar:2.4.0]
	at org.elasticsearch.action.support.TransportAction.execute(TransportAction.java:85) ~[elasticsearch-2.4.0.jar:2.4.0]
	at org.elasticsearch.client.node.NodeClient.doExecute(NodeClient.java:58) ~[elasticsearch-2.4.0.jar:2.4.0]
	at org.elasticsearch.client.support.AbstractClient.execute(AbstractClient.java:359) ~[elasticsearch-2.4.0.jar:2.4.0]
	at org.elasticsearch.action.ActionRequestBuilder.execute(ActionRequestBuilder.java:86) ~[elasticsearch-2.4.0.jar:2.4.0]
	at org.elasticsearch.action.ActionRequestBuilder.execute(ActionRequestBuilder.java:56) ~[elasticsearch-2.4.0.jar:2.4.0]
	at org.elasticsearch.action.ActionRequestBuilder.get(ActionRequestBuilder.java:64) ~[elasticsearch-2.4.0.jar:2.4.0]
	at nl.ivonet.epub.strategy.epub.AuthorStrategy.authorFromIsbn(AuthorStrategy.java:121) ~[classes/:na]
	at nl.ivonet.epub.strategy.epub.AuthorStrategy.execute(AuthorStrategy.java:82) ~[classes/:na]
	at nl.ivonet.epub.processor.epub.EpubConsumer.run(EpubConsumer.java:82) ~[classes/:na]
	at java.util.concurrent.ThreadPoolExecutor.runWorker(ThreadPoolExecutor.java:1142) [na:1.8.0_25]
	at java.util.concurrent.ThreadPoolExecutor$Worker.run(ThreadPoolExecutor.java:617) [na:1.8.0_25]
	at java.lang.Thread.run(Thread.java:745) [na:1.8.0_25]
Dropout ebook [Ghost Writer, The - Philip Roth.epub] with reason [NullPointer, ISBN]
Unexpected error, will be filed as Error NULL
org.elasticsearch.transport.TransportException: TransportService is closed stopped can't send request
	at org.elasticsearch.transport.TransportService.sendRequest(TransportService.java:320) ~[elasticsearch-2.4.0.jar:2.4.0]
	at org.elasticsearch.transport.TransportService.sendRequest(TransportService.java:299) ~[elasticsearch-2.4.0.jar:2.4.0]
	at org.elasticsearch.action.support.single.shard.TransportSingleShardAction$AsyncSingleAction.perform(TransportSingleShardAction.java:221) ~[elasticsearch-2.4.0.jar:2.4.0]
	at org.elasticsearch.action.support.single.shard.TransportSingleShardAction$AsyncSingleAction.start(TransportSingleShardAction.java:178) ~[elasticsearch-2.4.0.jar:2.4.0]
	at org.elasticsearch.action.support.single.shard.TransportSingleShardAction.doExecute(TransportSingleShardAction.java:87) ~[elasticsearch-2.4.0.jar:2.4.0]
	at org.elasticsearch.action.support.single.shard.TransportSingleShardAction.doExecute(TransportSingleShardAction.java:51) ~[elasticsearch-2.4.0.jar:2.4.0]
	at org.elasticsearch.action.support.TransportAction.doExecute(TransportAction.java:149) ~[elasticsearch-2.4.0.jar:2.4.0]
	at org.elasticsearch.action.support.TransportAction.execute(TransportAction.java:137) ~[elasticsearch-2.4.0.jar:2.4.0]
	at org.elasticsearch.action.support.TransportAction.execute(TransportAction.java:85) ~[elasticsearch-2.4.0.jar:2.4.0]
	at org.elasticsearch.client.node.NodeClient.doExecute(NodeClient.java:58) ~[elasticsearch-2.4.0.jar:2.4.0]
	at org.elasticsearch.client.support.AbstractClient.execute(AbstractClient.java:359) ~[elasticsearch-2.4.0.jar:2.4.0]
	at org.elasticsearch.action.ActionRequestBuilder.execute(ActionRequestBuilder.java:86) ~[elasticsearch-2.4.0.jar:2.4.0]
	at org.elasticsearch.action.ActionRequestBuilder.execute(ActionRequestBuilder.java:56) ~[elasticsearch-2.4.0.jar:2.4.0]
	at org.elasticsearch.action.ActionRequestBuilder.get(ActionRequestBuilder.java:64) ~[elasticsearch-2.4.0.jar:2.4.0]
	at nl.ivonet.epub.strategy.epub.AuthorStrategy.authorFromIsbn(AuthorStrategy.java:121) ~[classes/:na]
	at nl.ivonet.epub.strategy.epub.AuthorStrategy.execute(AuthorStrategy.java:82) ~[classes/:na]
	at nl.ivonet.epub.processor.epub.EpubConsumer.run(EpubConsumer.java:82) ~[classes/:na]
	at java.util.concurrent.ThreadPoolExecutor.runWorker(ThreadPoolExecutor.java:1142) [na:1.8.0_25]
	at java.util.concurrent.ThreadPoolExecutor$Worker.run(ThreadPoolExecutor.java:617) [na:1.8.0_25]
	at java.lang.Thread.run(Thread.java:745) [na:1.8.0_25]
Unexpected error, will be filed as Error NULL
org.elasticsearch.transport.TransportException: TransportService is closed stopped can't send request
	at org.elasticsearch.transport.TransportService.sendRequest(TransportService.java:320) ~[elasticsearch-2.4.0.jar:2.4.0]
	at org.elasticsearch.transport.TransportService.sendRequest(TransportService.java:299) ~[elasticsearch-2.4.0.jar:2.4.0]
	at org.elasticsearch.action.support.single.shard.TransportSingleShardAction$AsyncSingleAction.perform(TransportSingleShardAction.java:221) ~[elasticsearch-2.4.0.jar:2.4.0]
	at org.elasticsearch.action.support.single.shard.TransportSingleShardAction$AsyncSingleAction.start(TransportSingleShardAction.java:178) ~[elasticsearch-2.4.0.jar:2.4.0]
	at org.elasticsearch.action.support.single.shard.TransportSingleShardAction.doExecute(TransportSingleShardAction.java:87) ~[elasticsearch-2.4.0.jar:2.4.0]
	at org.elasticsearch.action.support.single.shard.TransportSingleShardAction.doExecute(TransportSingleShardAction.java:51) ~[elasticsearch-2.4.0.jar:2.4.0]
	at org.elasticsearch.action.support.TransportAction.doExecute(TransportAction.java:149) ~[elasticsearch-2.4.0.jar:2.4.0]
	at org.elasticsearch.action.support.TransportAction.execute(TransportAction.java:137) ~[elasticsearch-2.4.0.jar:2.4.0]
	at org.elasticsearch.action.support.TransportAction.execute(TransportAction.java:85) ~[elasticsearch-2.4.0.jar:2.4.0]
	at org.elasticsearch.client.node.NodeClient.doExecute(NodeClient.java:58) ~[elasticsearch-2.4.0.jar:2.4.0]
	at org.elasticsearch.client.support.AbstractClient.execute(AbstractClient.java:359) ~[elasticsearch-2.4.0.jar:2.4.0]
	at org.elasticsearch.action.ActionRequestBuilder.execute(ActionRequestBuilder.java:86) ~[elasticsearch-2.4.0.jar:2.4.0]
	at org.elasticsearch.action.ActionRequestBuilder.execute(ActionRequestBuilder.java:56) ~[elasticsearch-2.4.0.jar:2.4.0]
	at org.elasticsearch.action.ActionRequestBuilder.get(ActionRequestBuilder.java:64) ~[elasticsearch-2.4.0.jar:2.4.0]
	at nl.ivonet.epub.strategy.epub.AuthorStrategy.authorFromIsbn(AuthorStrategy.java:121) ~[classes/:na]
	at nl.ivonet.epub.strategy.epub.AuthorStrategy.execute(AuthorStrategy.java:82) ~[classes/:na]
	at nl.ivonet.epub.processor.epub.EpubConsumer.run(EpubConsumer.java:82) ~[classes/:na]
	at java.util.concurrent.ThreadPoolExecutor.runWorker(ThreadPoolExecutor.java:1142) [na:1.8.0_25]
	at java.util.concurrent.ThreadPoolExecutor$Worker.run(ThreadPoolExecutor.java:617) [na:1.8.0_25]
	at java.lang.Thread.run(Thread.java:745) [na:1.8.0_25]
Dropout ebook [Glass Castle, The - Jeannette Walls.epub] with reason [NullPointer, ISBN]
Dropout ebook [Girl Who Heard Dragons, The - Anne McCaffrey.epub] with reason [NullPointer, ISBN]
Unexpected error, will be filed as Error NULL
org.elasticsearch.transport.TransportException: TransportService is closed stopped can't send request
	at org.elasticsearch.transport.TransportService.sendRequest(TransportService.java:320) ~[elasticsearch-2.4.0.jar:2.4.0]
	at org.elasticsearch.transport.TransportService.sendRequest(TransportService.java:299) ~[elasticsearch-2.4.0.jar:2.4.0]
	at org.elasticsearch.action.support.single.shard.TransportSingleShardAction$AsyncSingleAction.perform(TransportSingleShardAction.java:221) ~[elasticsearch-2.4.0.jar:2.4.0]
	at org.elasticsearch.action.support.single.shard.TransportSingleShardAction$AsyncSingleAction.start(TransportSingleShardAction.java:178) ~[elasticsearch-2.4.0.jar:2.4.0]
	at org.elasticsearch.action.support.single.shard.TransportSingleShardAction.doExecute(TransportSingleShardAction.java:87) ~[elasticsearch-2.4.0.jar:2.4.0]
	at org.elasticsearch.action.support.single.shard.TransportSingleShardAction.doExecute(TransportSingleShardAction.java:51) ~[elasticsearch-2.4.0.jar:2.4.0]
	at org.elasticsearch.action.support.TransportAction.doExecute(TransportAction.java:149) ~[elasticsearch-2.4.0.jar:2.4.0]
	at org.elasticsearch.action.support.TransportAction.execute(TransportAction.java:137) ~[elasticsearch-2.4.0.jar:2.4.0]
	at org.elasticsearch.action.support.TransportAction.execute(TransportAction.java:85) ~[elasticsearch-2.4.0.jar:2.4.0]
	at org.elasticsearch.client.node.NodeClient.doExecute(NodeClient.java:58) ~[elasticsearch-2.4.0.jar:2.4.0]
	at org.elasticsearch.client.support.AbstractClient.execute(AbstractClient.java:359) ~[elasticsearch-2.4.0.jar:2.4.0]
	at org.elasticsearch.action.ActionRequestBuilder.execute(ActionRequestBuilder.java:86) ~[elasticsearch-2.4.0.jar:2.4.0]
	at org.elasticsearch.action.ActionRequestBuilder.execute(ActionRequestBuilder.java:56) ~[elasticsearch-2.4.0.jar:2.4.0]
	at org.elasticsearch.action.ActionRequestBuilder.get(ActionRequestBuilder.java:64) ~[elasticsearch-2.4.0.jar:2.4.0]
	at nl.ivonet.epub.strategy.epub.AuthorStrategy.authorFromIsbn(AuthorStrategy.java:121) ~[classes/:na]
	at nl.ivonet.epub.strategy.epub.AuthorStrategy.execute(AuthorStrategy.java:82) ~[classes/:na]
	at nl.ivonet.epub.processor.epub.EpubConsumer.run(EpubConsumer.java:82) ~[classes/:na]
	at java.util.concurrent.ThreadPoolExecutor.runWorker(ThreadPoolExecutor.java:1142) [na:1.8.0_25]
	at java.util.concurrent.ThreadPoolExecutor$Worker.run(ThreadPoolExecutor.java:617) [na:1.8.0_25]
	at java.lang.Thread.run(Thread.java:745) [na:1.8.0_25]
Dropout ebook [Glass Houses - Rachel Caine.epub] with reason [NullPointer, ISBN]
Unexpected error, will be filed as Error NULL
org.elasticsearch.transport.TransportException: TransportService is closed stopped can't send request
	at org.elasticsearch.transport.TransportService.sendRequest(TransportService.java:320) ~[elasticsearch-2.4.0.jar:2.4.0]
	at org.elasticsearch.transport.TransportService.sendRequest(TransportService.java:299) ~[elasticsearch-2.4.0.jar:2.4.0]
	at org.elasticsearch.action.support.single.shard.TransportSingleShardAction$AsyncSingleAction.perform(TransportSingleShardAction.java:221) ~[elasticsearch-2.4.0.jar:2.4.0]
	at org.elasticsearch.action.support.single.shard.TransportSingleShardAction$AsyncSingleAction.start(TransportSingleShardAction.java:178) ~[elasticsearch-2.4.0.jar:2.4.0]
	at org.elasticsearch.action.support.single.shard.TransportSingleShardAction.doExecute(TransportSingleShardAction.java:87) ~[elasticsearch-2.4.0.jar:2.4.0]
	at org.elasticsearch.action.support.single.shard.TransportSingleShardAction.doExecute(TransportSingleShardAction.java:51) ~[elasticsearch-2.4.0.jar:2.4.0]
	at org.elasticsearch.action.support.TransportAction.doExecute(TransportAction.java:149) ~[elasticsearch-2.4.0.jar:2.4.0]
	at org.elasticsearch.action.support.TransportAction.execute(TransportAction.java:137) ~[elasticsearch-2.4.0.jar:2.4.0]
	at org.elasticsearch.action.support.TransportAction.execute(TransportAction.java:85) ~[elasticsearch-2.4.0.jar:2.4.0]
	at org.elasticsearch.client.node.NodeClient.doExecute(NodeClient.java:58) ~[elasticsearch-2.4.0.jar:2.4.0]
	at org.elasticsearch.client.support.AbstractClient.execute(AbstractClient.java:359) ~[elasticsearch-2.4.0.jar:2.4.0]
	at org.elasticsearch.action.ActionRequestBuilder.execute(ActionRequestBuilder.java:86) ~[elasticsearch-2.4.0.jar:2.4.0]
	at org.elasticsearch.action.ActionRequestBuilder.execute(ActionRequestBuilder.java:56) ~[elasticsearch-2.4.0.jar:2.4.0]
	at org.elasticsearch.action.ActionRequestBuilder.get(ActionRequestBuilder.java:64) ~[elasticsearch-2.4.0.jar:2.4.0]
	at nl.ivonet.epub.strategy.epub.AuthorStrategy.authorFromIsbn(AuthorStrategy.java:121) ~[classes/:na]
	at nl.ivonet.epub.strategy.epub.AuthorStrategy.execute(AuthorStrategy.java:82) ~[classes/:na]
	at nl.ivonet.epub.processor.epub.EpubConsumer.run(EpubConsumer.java:82) ~[classes/:na]
	at java.util.concurrent.ThreadPoolExecutor.runWorker(ThreadPoolExecutor.java:1142) [na:1.8.0_25]
	at java.util.concurrent.ThreadPoolExecutor$Worker.run(ThreadPoolExecutor.java:617) [na:1.8.0_25]
	at java.lang.Thread.run(Thread.java:745) [na:1.8.0_25]
Dropout ebook [Glory in Death - Nora Roberts & J. D. Robb.epub] with reason [NullPointer, ISBN]
Unexpected error, will be filed as Error NULL
org.elasticsearch.transport.TransportException: TransportService is closed stopped can't send request
	at org.elasticsearch.transport.TransportService.sendRequest(TransportService.java:320) ~[elasticsearch-2.4.0.jar:2.4.0]
	at org.elasticsearch.transport.TransportService.sendRequest(TransportService.java:299) ~[elasticsearch-2.4.0.jar:2.4.0]
	at org.elasticsearch.action.support.single.shard.TransportSingleShardAction$AsyncSingleAction.perform(TransportSingleShardAction.java:221) ~[elasticsearch-2.4.0.jar:2.4.0]
	at org.elasticsearch.action.support.single.shard.TransportSingleShardAction$AsyncSingleAction.start(TransportSingleShardAction.java:178) ~[elasticsearch-2.4.0.jar:2.4.0]
	at org.elasticsearch.action.support.single.shard.TransportSingleShardAction.doExecute(TransportSingleShardAction.java:87) ~[elasticsearch-2.4.0.jar:2.4.0]
	at org.elasticsearch.action.support.single.shard.TransportSingleShardAction.doExecute(TransportSingleShardAction.java:51) ~[elasticsearch-2.4.0.jar:2.4.0]
	at org.elasticsearch.action.support.TransportAction.doExecute(TransportAction.java:149) ~[elasticsearch-2.4.0.jar:2.4.0]
	at org.elasticsearch.action.support.TransportAction.execute(TransportAction.java:137) ~[elasticsearch-2.4.0.jar:2.4.0]
	at org.elasticsearch.action.support.TransportAction.execute(TransportAction.java:85) ~[elasticsearch-2.4.0.jar:2.4.0]
	at org.elasticsearch.client.node.NodeClient.doExecute(NodeClient.java:58) ~[elasticsearch-2.4.0.jar:2.4.0]
	at org.elasticsearch.client.support.AbstractClient.execute(AbstractClient.java:359) ~[elasticsearch-2.4.0.jar:2.4.0]
	at org.elasticsearch.action.ActionRequestBuilder.execute(ActionRequestBuilder.java:86) ~[elasticsearch-2.4.0.jar:2.4.0]
	at org.elasticsearch.action.ActionRequestBuilder.execute(ActionRequestBuilder.java:56) ~[elasticsearch-2.4.0.jar:2.4.0]
	at org.elasticsearch.action.ActionRequestBuilder.get(ActionRequestBuilder.java:64) ~[elasticsearch-2.4.0.jar:2.4.0]
	at nl.ivonet.epub.strategy.epub.AuthorStrategy.authorFromIsbn(AuthorStrategy.java:121) ~[classes/:na]
	at nl.ivonet.epub.strategy.epub.AuthorStrategy.execute(AuthorStrategy.java:82) ~[classes/:na]
	at nl.ivonet.epub.processor.epub.EpubConsumer.run(EpubConsumer.java:82) ~[classes/:na]
	at java.util.concurrent.ThreadPoolExecutor.runWorker(ThreadPoolExecutor.java:1142) [na:1.8.0_25]
	at java.util.concurrent.ThreadPoolExecutor$Worker.run(ThreadPoolExecutor.java:617) [na:1.8.0_25]
	at java.lang.Thread.run(Thread.java:745) [na:1.8.0_25]
Unexpected error, will be filed as Error NULL
org.elasticsearch.transport.TransportException: TransportService is closed stopped can't send request
	at org.elasticsearch.transport.TransportService.sendRequest(TransportService.java:320) ~[elasticsearch-2.4.0.jar:2.4.0]
	at org.elasticsearch.transport.TransportService.sendRequest(TransportService.java:299) ~[elasticsearch-2.4.0.jar:2.4.0]
	at org.elasticsearch.action.support.single.shard.TransportSingleShardAction$AsyncSingleAction.perform(TransportSingleShardAction.java:221) ~[elasticsearch-2.4.0.jar:2.4.0]
	at org.elasticsearch.action.support.single.shard.TransportSingleShardAction$AsyncSingleAction.start(TransportSingleShardAction.java:178) ~[elasticsearch-2.4.0.jar:2.4.0]
	at org.elasticsearch.action.support.single.shard.TransportSingleShardAction.doExecute(TransportSingleShardAction.java:87) ~[elasticsearch-2.4.0.jar:2.4.0]
	at org.elasticsearch.action.support.single.shard.TransportSingleShardAction.doExecute(TransportSingleShardAction.java:51) ~[elasticsearch-2.4.0.jar:2.4.0]
	at org.elasticsearch.action.support.TransportAction.doExecute(TransportAction.java:149) ~[elasticsearch-2.4.0.jar:2.4.0]
	at org.elasticsearch.action.support.TransportAction.execute(TransportAction.java:137) ~[elasticsearch-2.4.0.jar:2.4.0]
	at org.elasticsearch.action.support.TransportAction.execute(TransportAction.java:85) ~[elasticsearch-2.4.0.jar:2.4.0]
	at org.elasticsearch.client.node.NodeClient.doExecute(NodeClient.java:58) ~[elasticsearch-2.4.0.jar:2.4.0]
	at org.elasticsearch.client.support.AbstractClient.execute(AbstractClient.java:359) ~[elasticsearch-2.4.0.jar:2.4.0]
	at org.elasticsearch.action.ActionRequestBuilder.execute(ActionRequestBuilder.java:86) ~[elasticsearch-2.4.0.jar:2.4.0]
	at org.elasticsearch.action.ActionRequestBuilder.execute(ActionRequestBuilder.java:56) ~[elasticsearch-2.4.0.jar:2.4.0]
	at org.elasticsearch.action.ActionRequestBuilder.get(ActionRequestBuilder.java:64) ~[elasticsearch-2.4.0.jar:2.4.0]
	at nl.ivonet.epub.strategy.epub.AuthorStrategy.authorFromIsbn(AuthorStrategy.java:121) ~[classes/:na]
	at nl.ivonet.epub.strategy.epub.AuthorStrategy.execute(AuthorStrategy.java:82) ~[classes/:na]
	at nl.ivonet.epub.processor.epub.EpubConsumer.run(EpubConsumer.java:82) ~[classes/:na]
	at java.util.concurrent.ThreadPoolExecutor.runWorker(ThreadPoolExecutor.java:1142) [na:1.8.0_25]
	at java.util.concurrent.ThreadPoolExecutor$Worker.run(ThreadPoolExecutor.java:617) [na:1.8.0_25]
	at java.lang.Thread.run(Thread.java:745) [na:1.8.0_25]
Dropout ebook [Gold Falcon, The - Katharine Kerr.epub] with reason [NullPointer, ISBN]
Dropout ebook [Gold Mine - Wilbur A. Smith.epub] with reason [NullPointer, ISBN]
Unexpected error, will be filed as Error NULL
org.elasticsearch.transport.TransportException: TransportService is closed stopped can't send request
	at org.elasticsearch.transport.TransportService.sendRequest(TransportService.java:320) ~[elasticsearch-2.4.0.jar:2.4.0]
	at org.elasticsearch.transport.TransportService.sendRequest(TransportService.java:299) ~[elasticsearch-2.4.0.jar:2.4.0]
	at org.elasticsearch.action.support.single.shard.TransportSingleShardAction$AsyncSingleAction.perform(TransportSingleShardAction.java:221) ~[elasticsearch-2.4.0.jar:2.4.0]
	at org.elasticsearch.action.support.single.shard.TransportSingleShardAction$AsyncSingleAction.start(TransportSingleShardAction.java:178) ~[elasticsearch-2.4.0.jar:2.4.0]
	at org.elasticsearch.action.support.single.shard.TransportSingleShardAction.doExecute(TransportSingleShardAction.java:87) ~[elasticsearch-2.4.0.jar:2.4.0]
	at org.elasticsearch.action.support.single.shard.TransportSingleShardAction.doExecute(TransportSingleShardAction.java:51) ~[elasticsearch-2.4.0.jar:2.4.0]
	at org.elasticsearch.action.support.TransportAction.doExecute(TransportAction.java:149) ~[elasticsearch-2.4.0.jar:2.4.0]
	at org.elasticsearch.action.support.TransportAction.execute(TransportAction.java:137) ~[elasticsearch-2.4.0.jar:2.4.0]
	at org.elasticsearch.action.support.TransportAction.execute(TransportAction.java:85) ~[elasticsearch-2.4.0.jar:2.4.0]
	at org.elasticsearch.client.node.NodeClient.doExecute(NodeClient.java:58) ~[elasticsearch-2.4.0.jar:2.4.0]
	at org.elasticsearch.client.support.AbstractClient.execute(AbstractClient.java:359) ~[elasticsearch-2.4.0.jar:2.4.0]
	at org.elasticsearch.action.ActionRequestBuilder.execute(ActionRequestBuilder.java:86) ~[elasticsearch-2.4.0.jar:2.4.0]
	at org.elasticsearch.action.ActionRequestBuilder.execute(ActionRequestBuilder.java:56) ~[elasticsearch-2.4.0.jar:2.4.0]
	at org.elasticsearch.action.ActionRequestBuilder.get(ActionRequestBuilder.java:64) ~[elasticsearch-2.4.0.jar:2.4.0]
	at nl.ivonet.epub.strategy.epub.AuthorStrategy.authorFromIsbn(AuthorStrategy.java:121) ~[classes/:na]
	at nl.ivonet.epub.strategy.epub.AuthorStrategy.execute(AuthorStrategy.java:82) ~[classes/:na]
	at nl.ivonet.epub.processor.epub.EpubConsumer.run(EpubConsumer.java:82) ~[classes/:na]
	at java.util.concurrent.ThreadPoolExecutor.runWorker(ThreadPoolExecutor.java:1142) [na:1.8.0_25]
	at java.util.concurrent.ThreadPoolExecutor$Worker.run(ThreadPoolExecutor.java:617) [na:1.8.0_25]
	at java.lang.Thread.run(Thread.java:745) [na:1.8.0_25]
Unexpected error, will be filed as Error NULL
org.elasticsearch.transport.TransportException: TransportService is closed stopped can't send request
	at org.elasticsearch.transport.TransportService.sendRequest(TransportService.java:320) ~[elasticsearch-2.4.0.jar:2.4.0]
	at org.elasticsearch.transport.TransportService.sendRequest(TransportService.java:299) ~[elasticsearch-2.4.0.jar:2.4.0]
	at org.elasticsearch.action.support.single.shard.TransportSingleShardAction$AsyncSingleAction.perform(TransportSingleShardAction.java:221) ~[elasticsearch-2.4.0.jar:2.4.0]
	at org.elasticsearch.action.support.single.shard.TransportSingleShardAction$AsyncSingleAction.start(TransportSingleShardAction.java:178) ~[elasticsearch-2.4.0.jar:2.4.0]
	at org.elasticsearch.action.support.single.shard.TransportSingleShardAction.doExecute(TransportSingleShardAction.java:87) ~[elasticsearch-2.4.0.jar:2.4.0]
	at org.elasticsearch.action.support.single.shard.TransportSingleShardAction.doExecute(TransportSingleShardAction.java:51) ~[elasticsearch-2.4.0.jar:2.4.0]
	at org.elasticsearch.action.support.TransportAction.doExecute(TransportAction.java:149) ~[elasticsearch-2.4.0.jar:2.4.0]
	at org.elasticsearch.action.support.TransportAction.execute(TransportAction.java:137) ~[elasticsearch-2.4.0.jar:2.4.0]
	at org.elasticsearch.action.support.TransportAction.execute(TransportAction.java:85) ~[elasticsearch-2.4.0.jar:2.4.0]
	at org.elasticsearch.client.node.NodeClient.doExecute(NodeClient.java:58) ~[elasticsearch-2.4.0.jar:2.4.0]
	at org.elasticsearch.client.support.AbstractClient.execute(AbstractClient.java:359) ~[elasticsearch-2.4.0.jar:2.4.0]
	at org.elasticsearch.action.ActionRequestBuilder.execute(ActionRequestBuilder.java:86) ~[elasticsearch-2.4.0.jar:2.4.0]
	at org.elasticsearch.action.ActionRequestBuilder.execute(ActionRequestBuilder.java:56) ~[elasticsearch-2.4.0.jar:2.4.0]
	at org.elasticsearch.action.ActionRequestBuilder.get(ActionRequestBuilder.java:64) ~[elasticsearch-2.4.0.jar:2.4.0]
	at nl.ivonet.epub.strategy.epub.AuthorStrategy.authorFromIsbn(AuthorStrategy.java:121) ~[classes/:na]
	at nl.ivonet.epub.strategy.epub.AuthorStrategy.execute(AuthorStrategy.java:82) ~[classes/:na]
	at nl.ivonet.epub.processor.epub.EpubConsumer.run(EpubConsumer.java:82) ~[classes/:na]
	at java.util.concurrent.ThreadPoolExecutor.runWorker(ThreadPoolExecutor.java:1142) [na:1.8.0_25]
	at java.util.concurrent.ThreadPoolExecutor$Worker.run(ThreadPoolExecutor.java:617) [na:1.8.0_25]
	at java.lang.Thread.run(Thread.java:745) [na:1.8.0_25]
Dropout ebook [Golden Elephant, The - Alex Archer.epub] with reason [NullPointer, ISBN]
Unexpected error, will be filed as Error NULL
org.elasticsearch.transport.TransportException: TransportService is closed stopped can't send request
	at org.elasticsearch.transport.TransportService.sendRequest(TransportService.java:320) ~[elasticsearch-2.4.0.jar:2.4.0]
	at org.elasticsearch.transport.TransportService.sendRequest(TransportService.java:299) ~[elasticsearch-2.4.0.jar:2.4.0]
	at org.elasticsearch.action.support.single.shard.TransportSingleShardAction$AsyncSingleAction.perform(TransportSingleShardAction.java:221) ~[elasticsearch-2.4.0.jar:2.4.0]
	at org.elasticsearch.action.support.single.shard.TransportSingleShardAction$AsyncSingleAction.start(TransportSingleShardAction.java:178) ~[elasticsearch-2.4.0.jar:2.4.0]
	at org.elasticsearch.action.support.single.shard.TransportSingleShardAction.doExecute(TransportSingleShardAction.java:87) ~[elasticsearch-2.4.0.jar:2.4.0]
	at org.elasticsearch.action.support.single.shard.TransportSingleShardAction.doExecute(TransportSingleShardAction.java:51) ~[elasticsearch-2.4.0.jar:2.4.0]
	at org.elasticsearch.action.support.TransportAction.doExecute(TransportAction.java:149) ~[elasticsearch-2.4.0.jar:2.4.0]
	at org.elasticsearch.action.support.TransportAction.execute(TransportAction.java:137) ~[elasticsearch-2.4.0.jar:2.4.0]
	at org.elasticsearch.action.support.TransportAction.execute(TransportAction.java:85) ~[elasticsearch-2.4.0.jar:2.4.0]
	at org.elasticsearch.client.node.NodeClient.doExecute(NodeClient.java:58) ~[elasticsearch-2.4.0.jar:2.4.0]
	at org.elasticsearch.client.support.AbstractClient.execute(AbstractClient.java:359) ~[elasticsearch-2.4.0.jar:2.4.0]
	at org.elasticsearch.action.ActionRequestBuilder.execute(ActionRequestBuilder.java:86) ~[elasticsearch-2.4.0.jar:2.4.0]
	at org.elasticsearch.action.ActionRequestBuilder.execute(ActionRequestBuilder.java:56) ~[elasticsearch-2.4.0.jar:2.4.0]
	at org.elasticsearch.action.ActionRequestBuilder.get(ActionRequestBuilder.java:64) ~[elasticsearch-2.4.0.jar:2.4.0]
	at nl.ivonet.epub.strategy.epub.AuthorStrategy.authorFromIsbn(AuthorStrategy.java:121) ~[classes/:na]
	at nl.ivonet.epub.strategy.epub.AuthorStrategy.execute(AuthorStrategy.java:82) ~[classes/:na]
	at nl.ivonet.epub.processor.epub.EpubConsumer.run(EpubConsumer.java:82) ~[classes/:na]
	at java.util.concurrent.ThreadPoolExecutor.runWorker(ThreadPoolExecutor.java:1142) [na:1.8.0_25]
	at java.util.concurrent.ThreadPoolExecutor$Worker.run(ThreadPoolExecutor.java:617) [na:1.8.0_25]
	at java.lang.Thread.run(Thread.java:745) [na:1.8.0_25]
Dropout ebook [Grand Finale, The - Janet Evanovich.epub] with reason [NullPointer, ISBN]
Dropout ebook [Good, the Bad, and the Undead, The - Kim Harrison.epub] with reason [NullPointer, ISBN]
Unexpected error, will be filed as Error NULL
org.elasticsearch.transport.TransportException: TransportService is closed stopped can't send request
	at org.elasticsearch.transport.TransportService.sendRequest(TransportService.java:320) ~[elasticsearch-2.4.0.jar:2.4.0]
	at org.elasticsearch.transport.TransportService.sendRequest(TransportService.java:299) ~[elasticsearch-2.4.0.jar:2.4.0]
	at org.elasticsearch.action.support.single.shard.TransportSingleShardAction$AsyncSingleAction.perform(TransportSingleShardAction.java:221) ~[elasticsearch-2.4.0.jar:2.4.0]
	at org.elasticsearch.action.support.single.shard.TransportSingleShardAction$AsyncSingleAction.start(TransportSingleShardAction.java:178) ~[elasticsearch-2.4.0.jar:2.4.0]
	at org.elasticsearch.action.support.single.shard.TransportSingleShardAction.doExecute(TransportSingleShardAction.java:87) ~[elasticsearch-2.4.0.jar:2.4.0]
	at org.elasticsearch.action.support.single.shard.TransportSingleShardAction.doExecute(TransportSingleShardAction.java:51) ~[elasticsearch-2.4.0.jar:2.4.0]
	at org.elasticsearch.action.support.TransportAction.doExecute(TransportAction.java:149) ~[elasticsearch-2.4.0.jar:2.4.0]
	at org.elasticsearch.action.support.TransportAction.execute(TransportAction.java:137) ~[elasticsearch-2.4.0.jar:2.4.0]
	at org.elasticsearch.action.support.TransportAction.execute(TransportAction.java:85) ~[elasticsearch-2.4.0.jar:2.4.0]
	at org.elasticsearch.client.node.NodeClient.doExecute(NodeClient.java:58) ~[elasticsearch-2.4.0.jar:2.4.0]
	at org.elasticsearch.client.support.AbstractClient.execute(AbstractClient.java:359) ~[elasticsearch-2.4.0.jar:2.4.0]
	at org.elasticsearch.action.ActionRequestBuilder.execute(ActionRequestBuilder.java:86) ~[elasticsearch-2.4.0.jar:2.4.0]
	at org.elasticsearch.action.ActionRequestBuilder.execute(ActionRequestBuilder.java:56) ~[elasticsearch-2.4.0.jar:2.4.0]
	at org.elasticsearch.action.ActionRequestBuilder.get(ActionRequestBuilder.java:64) ~[elasticsearch-2.4.0.jar:2.4.0]
	at nl.ivonet.epub.strategy.epub.AuthorStrategy.authorFromIsbn(AuthorStrategy.java:121) ~[classes/:na]
	at nl.ivonet.epub.strategy.epub.AuthorStrategy.execute(AuthorStrategy.java:82) ~[classes/:na]
	at nl.ivonet.epub.processor.epub.EpubConsumer.run(EpubConsumer.java:82) ~[classes/:na]
	at java.util.concurrent.ThreadPoolExecutor.runWorker(ThreadPoolExecutor.java:1142) [na:1.8.0_25]
	at java.util.concurrent.ThreadPoolExecutor$Worker.run(ThreadPoolExecutor.java:617) [na:1.8.0_25]
	at java.lang.Thread.run(Thread.java:745) [na:1.8.0_25]
Unexpected error, will be filed as Error NULL
org.elasticsearch.transport.TransportException: TransportService is closed stopped can't send request
	at org.elasticsearch.transport.TransportService.sendRequest(TransportService.java:320) ~[elasticsearch-2.4.0.jar:2.4.0]
	at org.elasticsearch.transport.TransportService.sendRequest(TransportService.java:299) ~[elasticsearch-2.4.0.jar:2.4.0]
	at org.elasticsearch.action.support.single.shard.TransportSingleShardAction$AsyncSingleAction.perform(TransportSingleShardAction.java:221) ~[elasticsearch-2.4.0.jar:2.4.0]
	at org.elasticsearch.action.support.single.shard.TransportSingleShardAction$AsyncSingleAction.start(TransportSingleShardAction.java:178) ~[elasticsearch-2.4.0.jar:2.4.0]
	at org.elasticsearch.action.support.single.shard.TransportSingleShardAction.doExecute(TransportSingleShardAction.java:87) ~[elasticsearch-2.4.0.jar:2.4.0]
	at org.elasticsearch.action.support.single.shard.TransportSingleShardAction.doExecute(TransportSingleShardAction.java:51) ~[elasticsearch-2.4.0.jar:2.4.0]
	at org.elasticsearch.action.support.TransportAction.doExecute(TransportAction.java:149) ~[elasticsearch-2.4.0.jar:2.4.0]
	at org.elasticsearch.action.support.TransportAction.execute(TransportAction.java:137) ~[elasticsearch-2.4.0.jar:2.4.0]
	at org.elasticsearch.action.support.TransportAction.execute(TransportAction.java:85) ~[elasticsearch-2.4.0.jar:2.4.0]
	at org.elasticsearch.client.node.NodeClient.doExecute(NodeClient.java:58) ~[elasticsearch-2.4.0.jar:2.4.0]
	at org.elasticsearch.client.support.AbstractClient.execute(AbstractClient.java:359) ~[elasticsearch-2.4.0.jar:2.4.0]
	at org.elasticsearch.action.ActionRequestBuilder.execute(ActionRequestBuilder.java:86) ~[elasticsearch-2.4.0.jar:2.4.0]
	at org.elasticsearch.action.ActionRequestBuilder.execute(ActionRequestBuilder.java:56) ~[elasticsearch-2.4.0.jar:2.4.0]
	at org.elasticsearch.action.ActionRequestBuilder.get(ActionRequestBuilder.java:64) ~[elasticsearch-2.4.0.jar:2.4.0]
	at nl.ivonet.epub.strategy.epub.AuthorStrategy.authorFromIsbn(AuthorStrategy.java:121) ~[classes/:na]
	at nl.ivonet.epub.strategy.epub.AuthorStrategy.execute(AuthorStrategy.java:82) ~[classes/:na]
	at nl.ivonet.epub.processor.epub.EpubConsumer.run(EpubConsumer.java:82) ~[classes/:na]
	at java.util.concurrent.ThreadPoolExecutor.runWorker(ThreadPoolExecutor.java:1142) [na:1.8.0_25]
	at java.util.concurrent.ThreadPoolExecutor$Worker.run(ThreadPoolExecutor.java:617) [na:1.8.0_25]
	at java.lang.Thread.run(Thread.java:745) [na:1.8.0_25]
Dropout ebook [Colony of Unrequited Dreams, The - Wayne Johnston.epub] with reason [NullPointer, ISBN]
Dropout ebook [Commencement - J. Courtney Sullivan.epub] with reason [NullPointer, ISBN]
Unexpected error, will be filed as Error NULL
org.elasticsearch.transport.TransportException: TransportService is closed stopped can't send request
	at org.elasticsearch.transport.TransportService.sendRequest(TransportService.java:320) ~[elasticsearch-2.4.0.jar:2.4.0]
	at org.elasticsearch.transport.TransportService.sendRequest(TransportService.java:299) ~[elasticsearch-2.4.0.jar:2.4.0]
	at org.elasticsearch.action.support.single.shard.TransportSingleShardAction$AsyncSingleAction.perform(TransportSingleShardAction.java:221) ~[elasticsearch-2.4.0.jar:2.4.0]
	at org.elasticsearch.action.support.single.shard.TransportSingleShardAction$AsyncSingleAction.start(TransportSingleShardAction.java:178) ~[elasticsearch-2.4.0.jar:2.4.0]
	at org.elasticsearch.action.support.single.shard.TransportSingleShardAction.doExecute(TransportSingleShardAction.java:87) ~[elasticsearch-2.4.0.jar:2.4.0]
	at org.elasticsearch.action.support.single.shard.TransportSingleShardAction.doExecute(TransportSingleShardAction.java:51) ~[elasticsearch-2.4.0.jar:2.4.0]
	at org.elasticsearch.action.support.TransportAction.doExecute(TransportAction.java:149) ~[elasticsearch-2.4.0.jar:2.4.0]
	at org.elasticsearch.action.support.TransportAction.execute(TransportAction.java:137) ~[elasticsearch-2.4.0.jar:2.4.0]
	at org.elasticsearch.action.support.TransportAction.execute(TransportAction.java:85) ~[elasticsearch-2.4.0.jar:2.4.0]
	at org.elasticsearch.client.node.NodeClient.doExecute(NodeClient.java:58) ~[elasticsearch-2.4.0.jar:2.4.0]
	at org.elasticsearch.client.support.AbstractClient.execute(AbstractClient.java:359) ~[elasticsearch-2.4.0.jar:2.4.0]
	at org.elasticsearch.action.ActionRequestBuilder.execute(ActionRequestBuilder.java:86) ~[elasticsearch-2.4.0.jar:2.4.0]
	at org.elasticsearch.action.ActionRequestBuilder.execute(ActionRequestBuilder.java:56) ~[elasticsearch-2.4.0.jar:2.4.0]
	at org.elasticsearch.action.ActionRequestBuilder.get(ActionRequestBuilder.java:64) ~[elasticsearch-2.4.0.jar:2.4.0]
	at nl.ivonet.epub.strategy.epub.AuthorStrategy.authorFromIsbn(AuthorStrategy.java:121) ~[classes/:na]
	at nl.ivonet.epub.strategy.epub.AuthorStrategy.execute(AuthorStrategy.java:82) ~[classes/:na]
	at nl.ivonet.epub.processor.epub.EpubConsumer.run(EpubConsumer.java:82) ~[classes/:na]
	at java.util.concurrent.ThreadPoolExecutor.runWorker(ThreadPoolExecutor.java:1142) [na:1.8.0_25]
	at java.util.concurrent.ThreadPoolExecutor$Worker.run(ThreadPoolExecutor.java:617) [na:1.8.0_25]
	at java.lang.Thread.run(Thread.java:745) [na:1.8.0_25]
Dropout ebook [Confessor - Terry Goodkind.epub] with reason [NullPointer, ISBN]
Unexpected error, will be filed as Error NULL
org.elasticsearch.transport.TransportException: TransportService is closed stopped can't send request
	at org.elasticsearch.transport.TransportService.sendRequest(TransportService.java:320) ~[elasticsearch-2.4.0.jar:2.4.0]
	at org.elasticsearch.transport.TransportService.sendRequest(TransportService.java:299) ~[elasticsearch-2.4.0.jar:2.4.0]
	at org.elasticsearch.action.support.single.shard.TransportSingleShardAction$AsyncSingleAction.perform(TransportSingleShardAction.java:221) ~[elasticsearch-2.4.0.jar:2.4.0]
	at org.elasticsearch.action.support.single.shard.TransportSingleShardAction$AsyncSingleAction.start(TransportSingleShardAction.java:178) ~[elasticsearch-2.4.0.jar:2.4.0]
	at org.elasticsearch.action.support.single.shard.TransportSingleShardAction.doExecute(TransportSingleShardAction.java:87) ~[elasticsearch-2.4.0.jar:2.4.0]
	at org.elasticsearch.action.support.single.shard.TransportSingleShardAction.doExecute(TransportSingleShardAction.java:51) ~[elasticsearch-2.4.0.jar:2.4.0]
	at org.elasticsearch.action.support.TransportAction.doExecute(TransportAction.java:149) ~[elasticsearch-2.4.0.jar:2.4.0]
	at org.elasticsearch.action.support.TransportAction.execute(TransportAction.java:137) ~[elasticsearch-2.4.0.jar:2.4.0]
	at org.elasticsearch.action.support.TransportAction.execute(TransportAction.java:85) ~[elasticsearch-2.4.0.jar:2.4.0]
	at org.elasticsearch.client.node.NodeClient.doExecute(NodeClient.java:58) ~[elasticsearch-2.4.0.jar:2.4.0]
	at org.elasticsearch.client.support.AbstractClient.execute(AbstractClient.java:359) ~[elasticsearch-2.4.0.jar:2.4.0]
	at org.elasticsearch.action.ActionRequestBuilder.execute(ActionRequestBuilder.java:86) ~[elasticsearch-2.4.0.jar:2.4.0]
	at org.elasticsearch.action.ActionRequestBuilder.execute(ActionRequestBuilder.java:56) ~[elasticsearch-2.4.0.jar:2.4.0]
	at org.elasticsearch.action.ActionRequestBuilder.get(ActionRequestBuilder.java:64) ~[elasticsearch-2.4.0.jar:2.4.0]
	at nl.ivonet.epub.strategy.epub.AuthorStrategy.authorFromIsbn(AuthorStrategy.java:121) ~[classes/:na]
	at nl.ivonet.epub.strategy.epub.AuthorStrategy.execute(AuthorStrategy.java:82) ~[classes/:na]
	at nl.ivonet.epub.processor.epub.EpubConsumer.run(EpubConsumer.java:82) ~[classes/:na]
	at java.util.concurrent.ThreadPoolExecutor.runWorker(ThreadPoolExecutor.java:1142) [na:1.8.0_25]
	at java.util.concurrent.ThreadPoolExecutor$Worker.run(ThreadPoolExecutor.java:617) [na:1.8.0_25]
	at java.lang.Thread.run(Thread.java:745) [na:1.8.0_25]
Unexpected error, will be filed as Error NULL
org.elasticsearch.transport.TransportException: TransportService is closed stopped can't send request
	at org.elasticsearch.transport.TransportService.sendRequest(TransportService.java:320) ~[elasticsearch-2.4.0.jar:2.4.0]
	at org.elasticsearch.transport.TransportService.sendRequest(TransportService.java:299) ~[elasticsearch-2.4.0.jar:2.4.0]
	at org.elasticsearch.action.support.single.shard.TransportSingleShardAction$AsyncSingleAction.perform(TransportSingleShardAction.java:221) ~[elasticsearch-2.4.0.jar:2.4.0]
	at org.elasticsearch.action.support.single.shard.TransportSingleShardAction$AsyncSingleAction.start(TransportSingleShardAction.java:178) ~[elasticsearch-2.4.0.jar:2.4.0]
	at org.elasticsearch.action.support.single.shard.TransportSingleShardAction.doExecute(TransportSingleShardAction.java:87) ~[elasticsearch-2.4.0.jar:2.4.0]
	at org.elasticsearch.action.support.single.shard.TransportSingleShardAction.doExecute(TransportSingleShardAction.java:51) ~[elasticsearch-2.4.0.jar:2.4.0]
	at org.elasticsearch.action.support.TransportAction.doExecute(TransportAction.java:149) ~[elasticsearch-2.4.0.jar:2.4.0]
	at org.elasticsearch.action.support.TransportAction.execute(TransportAction.java:137) ~[elasticsearch-2.4.0.jar:2.4.0]
	at org.elasticsearch.action.support.TransportAction.execute(TransportAction.java:85) ~[elasticsearch-2.4.0.jar:2.4.0]
	at org.elasticsearch.client.node.NodeClient.doExecute(NodeClient.java:58) ~[elasticsearch-2.4.0.jar:2.4.0]
	at org.elasticsearch.client.support.AbstractClient.execute(AbstractClient.java:359) ~[elasticsearch-2.4.0.jar:2.4.0]
	at org.elasticsearch.action.ActionRequestBuilder.execute(ActionRequestBuilder.java:86) ~[elasticsearch-2.4.0.jar:2.4.0]
	at org.elasticsearch.action.ActionRequestBuilder.execute(ActionRequestBuilder.java:56) ~[elasticsearch-2.4.0.jar:2.4.0]
	at org.elasticsearch.action.ActionRequestBuilder.get(ActionRequestBuilder.java:64) ~[elasticsearch-2.4.0.jar:2.4.0]
	at nl.ivonet.epub.strategy.epub.AuthorStrategy.authorFromIsbn(AuthorStrategy.java:121) ~[classes/:na]
	at nl.ivonet.epub.strategy.epub.AuthorStrategy.execute(AuthorStrategy.java:82) ~[classes/:na]
	at nl.ivonet.epub.processor.epub.EpubConsumer.run(EpubConsumer.java:82) ~[classes/:na]
	at java.util.concurrent.ThreadPoolExecutor.runWorker(ThreadPoolExecutor.java:1142) [na:1.8.0_25]
	at java.util.concurrent.ThreadPoolExecutor$Worker.run(ThreadPoolExecutor.java:617) [na:1.8.0_25]
	at java.lang.Thread.run(Thread.java:745) [na:1.8.0_25]
Dropout ebook [Consequences - Aleatha Romig.epub] with reason [NullPointer, ISBN]
Unexpected error, will be filed as Error NULL
org.elasticsearch.transport.TransportException: TransportService is closed stopped can't send request
	at org.elasticsearch.transport.TransportService.sendRequest(TransportService.java:320) ~[elasticsearch-2.4.0.jar:2.4.0]
	at org.elasticsearch.transport.TransportService.sendRequest(TransportService.java:299) ~[elasticsearch-2.4.0.jar:2.4.0]
	at org.elasticsearch.action.support.single.shard.TransportSingleShardAction$AsyncSingleAction.perform(TransportSingleShardAction.java:221) ~[elasticsearch-2.4.0.jar:2.4.0]
	at org.elasticsearch.action.support.single.shard.TransportSingleShardAction$AsyncSingleAction.start(TransportSingleShardAction.java:178) ~[elasticsearch-2.4.0.jar:2.4.0]
	at org.elasticsearch.action.support.single.shard.TransportSingleShardAction.doExecute(TransportSingleShardAction.java:87) ~[elasticsearch-2.4.0.jar:2.4.0]
	at org.elasticsearch.action.support.single.shard.TransportSingleShardAction.doExecute(TransportSingleShardAction.java:51) ~[elasticsearch-2.4.0.jar:2.4.0]
	at org.elasticsearch.action.support.TransportAction.doExecute(TransportAction.java:149) ~[elasticsearch-2.4.0.jar:2.4.0]
	at org.elasticsearch.action.support.TransportAction.execute(TransportAction.java:137) ~[elasticsearch-2.4.0.jar:2.4.0]
	at org.elasticsearch.action.support.TransportAction.execute(TransportAction.java:85) ~[elasticsearch-2.4.0.jar:2.4.0]
	at org.elasticsearch.client.node.NodeClient.doExecute(NodeClient.java:58) ~[elasticsearch-2.4.0.jar:2.4.0]
	at org.elasticsearch.client.support.AbstractClient.execute(AbstractClient.java:359) ~[elasticsearch-2.4.0.jar:2.4.0]
	at org.elasticsearch.action.ActionRequestBuilder.execute(ActionRequestBuilder.java:86) ~[elasticsearch-2.4.0.jar:2.4.0]
	at org.elasticsearch.action.ActionRequestBuilder.execute(ActionRequestBuilder.java:56) ~[elasticsearch-2.4.0.jar:2.4.0]
	at org.elasticsearch.action.ActionRequestBuilder.get(ActionRequestBuilder.java:64) ~[elasticsearch-2.4.0.jar:2.4.0]
	at nl.ivonet.epub.strategy.epub.AuthorStrategy.authorFromIsbn(AuthorStrategy.java:121) ~[classes/:na]
	at nl.ivonet.epub.strategy.epub.AuthorStrategy.execute(AuthorStrategy.java:82) ~[classes/:na]
	at nl.ivonet.epub.processor.epub.EpubConsumer.run(EpubConsumer.java:82) ~[classes/:na]
	at java.util.concurrent.ThreadPoolExecutor.runWorker(ThreadPoolExecutor.java:1142) [na:1.8.0_25]
	at java.util.concurrent.ThreadPoolExecutor$Worker.run(ThreadPoolExecutor.java:617) [na:1.8.0_25]
	at java.lang.Thread.run(Thread.java:745) [na:1.8.0_25]
Unexpected error, will be filed as Error NULL
org.elasticsearch.transport.TransportException: TransportService is closed stopped can't send request
	at org.elasticsearch.transport.TransportService.sendRequest(TransportService.java:320) ~[elasticsearch-2.4.0.jar:2.4.0]
	at org.elasticsearch.transport.TransportService.sendRequest(TransportService.java:299) ~[elasticsearch-2.4.0.jar:2.4.0]
	at org.elasticsearch.action.support.single.shard.TransportSingleShardAction$AsyncSingleAction.perform(TransportSingleShardAction.java:221) ~[elasticsearch-2.4.0.jar:2.4.0]
	at org.elasticsearch.action.support.single.shard.TransportSingleShardAction$AsyncSingleAction.start(TransportSingleShardAction.java:178) ~[elasticsearch-2.4.0.jar:2.4.0]
	at org.elasticsearch.action.support.single.shard.TransportSingleShardAction.doExecute(TransportSingleShardAction.java:87) ~[elasticsearch-2.4.0.jar:2.4.0]
	at org.elasticsearch.action.support.single.shard.TransportSingleShardAction.doExecute(TransportSingleShardAction.java:51) ~[elasticsearch-2.4.0.jar:2.4.0]
	at org.elasticsearch.action.support.TransportAction.doExecute(TransportAction.java:149) ~[elasticsearch-2.4.0.jar:2.4.0]
	at org.elasticsearch.action.support.TransportAction.execute(TransportAction.java:137) ~[elasticsearch-2.4.0.jar:2.4.0]
	at org.elasticsearch.action.support.TransportAction.execute(TransportAction.java:85) ~[elasticsearch-2.4.0.jar:2.4.0]
	at org.elasticsearch.client.node.NodeClient.doExecute(NodeClient.java:58) ~[elasticsearch-2.4.0.jar:2.4.0]
	at org.elasticsearch.client.support.AbstractClient.execute(AbstractClient.java:359) ~[elasticsearch-2.4.0.jar:2.4.0]
	at org.elasticsearch.action.ActionRequestBuilder.execute(ActionRequestBuilder.java:86) ~[elasticsearch-2.4.0.jar:2.4.0]
	at org.elasticsearch.action.ActionRequestBuilder.execute(ActionRequestBuilder.java:56) ~[elasticsearch-2.4.0.jar:2.4.0]
	at org.elasticsearch.action.ActionRequestBuilder.get(ActionRequestBuilder.java:64) ~[elasticsearch-2.4.0.jar:2.4.0]
	at nl.ivonet.epub.strategy.epub.AuthorStrategy.authorFromIsbn(AuthorStrategy.java:121) ~[classes/:na]
	at nl.ivonet.epub.strategy.epub.AuthorStrategy.execute(AuthorStrategy.java:82) ~[classes/:na]
	at nl.ivonet.epub.processor.epub.EpubConsumer.run(EpubConsumer.java:82) ~[classes/:na]
	at java.util.concurrent.ThreadPoolExecutor.runWorker(ThreadPoolExecutor.java:1142) [na:1.8.0_25]
	at java.util.concurrent.ThreadPoolExecutor$Worker.run(ThreadPoolExecutor.java:617) [na:1.8.0_25]
	at java.lang.Thread.run(Thread.java:745) [na:1.8.0_25]
Dropout ebook [Conspiracy in Death - Nora Roberts & J. D. Robb.epub] with reason [NullPointer, ISBN]
Dropout ebook [Cover - Jack Ketchum.epub] with reason [NullPointer, ISBN]
Dropout ebook [Creation in Death - Nora Roberts & J. D. Robb.epub] with reason [NullPointer, ISBN]
Unexpected error, will be filed as Error NULL
org.elasticsearch.transport.TransportException: TransportService is closed stopped can't send request
	at org.elasticsearch.transport.TransportService.sendRequest(TransportService.java:320) ~[elasticsearch-2.4.0.jar:2.4.0]
	at org.elasticsearch.transport.TransportService.sendRequest(TransportService.java:299) ~[elasticsearch-2.4.0.jar:2.4.0]
	at org.elasticsearch.action.support.single.shard.TransportSingleShardAction$AsyncSingleAction.perform(TransportSingleShardAction.java:221) ~[elasticsearch-2.4.0.jar:2.4.0]
	at org.elasticsearch.action.support.single.shard.TransportSingleShardAction$AsyncSingleAction.start(TransportSingleShardAction.java:178) ~[elasticsearch-2.4.0.jar:2.4.0]
	at org.elasticsearch.action.support.single.shard.TransportSingleShardAction.doExecute(TransportSingleShardAction.java:87) ~[elasticsearch-2.4.0.jar:2.4.0]
	at org.elasticsearch.action.support.single.shard.TransportSingleShardAction.doExecute(TransportSingleShardAction.java:51) ~[elasticsearch-2.4.0.jar:2.4.0]
	at org.elasticsearch.action.support.TransportAction.doExecute(TransportAction.java:149) ~[elasticsearch-2.4.0.jar:2.4.0]
	at org.elasticsearch.action.support.TransportAction.execute(TransportAction.java:137) ~[elasticsearch-2.4.0.jar:2.4.0]
	at org.elasticsearch.action.support.TransportAction.execute(TransportAction.java:85) ~[elasticsearch-2.4.0.jar:2.4.0]
	at org.elasticsearch.client.node.NodeClient.doExecute(NodeClient.java:58) ~[elasticsearch-2.4.0.jar:2.4.0]
	at org.elasticsearch.client.support.AbstractClient.execute(AbstractClient.java:359) ~[elasticsearch-2.4.0.jar:2.4.0]
	at org.elasticsearch.action.ActionRequestBuilder.execute(ActionRequestBuilder.java:86) ~[elasticsearch-2.4.0.jar:2.4.0]
	at org.elasticsearch.action.ActionRequestBuilder.execute(ActionRequestBuilder.java:56) ~[elasticsearch-2.4.0.jar:2.4.0]
	at org.elasticsearch.action.ActionRequestBuilder.get(ActionRequestBuilder.java:64) ~[elasticsearch-2.4.0.jar:2.4.0]
	at nl.ivonet.epub.strategy.epub.AuthorStrategy.authorFromIsbn(AuthorStrategy.java:121) ~[classes/:na]
	at nl.ivonet.epub.strategy.epub.AuthorStrategy.execute(AuthorStrategy.java:82) ~[classes/:na]
	at nl.ivonet.epub.processor.epub.EpubConsumer.run(EpubConsumer.java:82) ~[classes/:na]
	at java.util.concurrent.ThreadPoolExecutor.runWorker(ThreadPoolExecutor.java:1142) [na:1.8.0_25]
	at java.util.concurrent.ThreadPoolExecutor$Worker.run(ThreadPoolExecutor.java:617) [na:1.8.0_25]
	at java.lang.Thread.run(Thread.java:745) [na:1.8.0_25]
Dropout ebook [Crisis on Doona - Anne McCaffrey & Jody Lynn Nye.epub] with reason [NullPointer, ISBN]
Unexpected error, will be filed as Error NULL
org.elasticsearch.transport.TransportException: TransportService is closed stopped can't send request
	at org.elasticsearch.transport.TransportService.sendRequest(TransportService.java:320) ~[elasticsearch-2.4.0.jar:2.4.0]
	at org.elasticsearch.transport.TransportService.sendRequest(TransportService.java:299) ~[elasticsearch-2.4.0.jar:2.4.0]
	at org.elasticsearch.action.support.single.shard.TransportSingleShardAction$AsyncSingleAction.perform(TransportSingleShardAction.java:221) ~[elasticsearch-2.4.0.jar:2.4.0]
	at org.elasticsearch.action.support.single.shard.TransportSingleShardAction$AsyncSingleAction.start(TransportSingleShardAction.java:178) ~[elasticsearch-2.4.0.jar:2.4.0]
	at org.elasticsearch.action.support.single.shard.TransportSingleShardAction.doExecute(TransportSingleShardAction.java:87) ~[elasticsearch-2.4.0.jar:2.4.0]
	at org.elasticsearch.action.support.single.shard.TransportSingleShardAction.doExecute(TransportSingleShardAction.java:51) ~[elasticsearch-2.4.0.jar:2.4.0]
	at org.elasticsearch.action.support.TransportAction.doExecute(TransportAction.java:149) ~[elasticsearch-2.4.0.jar:2.4.0]
	at org.elasticsearch.action.support.TransportAction.execute(TransportAction.java:137) ~[elasticsearch-2.4.0.jar:2.4.0]
	at org.elasticsearch.action.support.TransportAction.execute(TransportAction.java:85) ~[elasticsearch-2.4.0.jar:2.4.0]
	at org.elasticsearch.client.node.NodeClient.doExecute(NodeClient.java:58) ~[elasticsearch-2.4.0.jar:2.4.0]
	at org.elasticsearch.client.support.AbstractClient.execute(AbstractClient.java:359) ~[elasticsearch-2.4.0.jar:2.4.0]
	at org.elasticsearch.action.ActionRequestBuilder.execute(ActionRequestBuilder.java:86) ~[elasticsearch-2.4.0.jar:2.4.0]
	at org.elasticsearch.action.ActionRequestBuilder.execute(ActionRequestBuilder.java:56) ~[elasticsearch-2.4.0.jar:2.4.0]
	at org.elasticsearch.action.ActionRequestBuilder.get(ActionRequestBuilder.java:64) ~[elasticsearch-2.4.0.jar:2.4.0]
	at nl.ivonet.epub.strategy.epub.AuthorStrategy.authorFromIsbn(AuthorStrategy.java:121) ~[classes/:na]
	at nl.ivonet.epub.strategy.epub.AuthorStrategy.execute(AuthorStrategy.java:82) ~[classes/:na]
	at nl.ivonet.epub.processor.epub.EpubConsumer.run(EpubConsumer.java:82) ~[classes/:na]
	at java.util.concurrent.ThreadPoolExecutor.runWorker(ThreadPoolExecutor.java:1142) [na:1.8.0_25]
	at java.util.concurrent.ThreadPoolExecutor$Worker.run(ThreadPoolExecutor.java:617) [na:1.8.0_25]
	at java.lang.Thread.run(Thread.java:745) [na:1.8.0_25]
Dropout ebook [Crossroads of twilight - Robert Jordan.epub] with reason [NullPointer, ISBN]
