10:18:06.822 [pool-1-thread-1] DEBUG n.i.e.s.e.AuthorStrategy - Applying AuthorStrategy on [00016 -  De wereld volgens Yoshi.epub]
10:18:06.826 [pool-1-thread-1] INFO  n.i.e.s.e.AuthorStrategy - Retrieve Author from filename [00016 -  De wereld volgens Yoshi.epub]
10:18:06.829 [pool-1-thread-1] DEBUG n.i.e.s.e.FileSizeStrategy - Applying CommentRemovalStrategy on [00016 -  De wereld volgens Yoshi.epub]
10:18:06.852 [pool-1-thread-1] DEBUG n.i.e.s.e.FileSizeStrategy - Applying DitigalWatermarkRemovalStrategy on [00016 -  De wereld volgens Yoshi.epub]
10:18:06.871 [pool-1-thread-1] DEBUG n.i.e.s.e.FileSizeStrategy - Applying FileSizeStrategy on [00016 -  De wereld volgens Yoshi.epub]
10:18:06.872 [pool-1-thread-1] DEBUG n.i.e.s.e.HtmlCorruptDetectionStrategy - Applying HtmlCorruptDetectionStrategy on [00016 -  De wereld volgens Yoshi.epub]
10:18:06.882 [pool-1-thread-2] DEBUG n.i.e.s.e.AuthorStrategy - Applying AuthorStrategy on [00018 -  Grof Wild.epub]
10:18:06.882 [pool-1-thread-2] INFO  n.i.e.s.e.AuthorStrategy - Retrieve Author from filename [00018 -  Grof Wild.epub]
10:18:06.883 [pool-1-thread-2] DEBUG n.i.e.s.e.FileSizeStrategy - Applying CommentRemovalStrategy on [00018 -  Grof Wild.epub]
10:18:06.889 [pool-1-thread-2] DEBUG n.i.e.s.e.FileSizeStrategy - Applying DitigalWatermarkRemovalStrategy on [00018 -  Grof Wild.epub]
10:18:06.890 [pool-1-thread-1] DEBUG n.i.e.s.e.NoCoverDetectionStrategy - Applying NoCoverDetectionStrategy on [00016 -  De wereld volgens Yoshi.epub]
10:18:06.897 [pool-1-thread-2] DEBUG n.i.e.s.e.FileSizeStrategy - Applying FileSizeStrategy on [00018 -  Grof Wild.epub]
10:18:06.898 [pool-1-thread-2] DEBUG n.i.e.s.e.HtmlCorruptDetectionStrategy - Applying HtmlCorruptDetectionStrategy on [00018 -  Grof Wild.epub]
10:18:06.902 [pool-1-thread-2] DEBUG n.i.e.s.e.NoCoverDetectionStrategy - Applying NoCoverDetectionStrategy on [00018 -  Grof Wild.epub]
10:18:06.920 [pool-1-thread-3] DEBUG n.i.e.s.e.AuthorStrategy - Applying AuthorStrategy on [00091 -  In betrekking.epub]
10:18:06.920 [pool-1-thread-3] INFO  n.i.e.s.e.AuthorStrategy - Retrieve Author from filename [00091 -  In betrekking.epub]
10:18:06.920 [pool-1-thread-3] DEBUG n.i.e.s.e.FileSizeStrategy - Applying CommentRemovalStrategy on [00091 -  In betrekking.epub]
10:18:06.931 [pool-1-thread-3] DEBUG n.i.e.s.e.FileSizeStrategy - Applying DitigalWatermarkRemovalStrategy on [00091 -  In betrekking.epub]
10:18:06.948 [pool-1-thread-3] DEBUG n.i.e.s.e.FileSizeStrategy - Applying FileSizeStrategy on [00091 -  In betrekking.epub]
10:18:06.951 [pool-1-thread-3] DEBUG n.i.e.s.e.HtmlCorruptDetectionStrategy - Applying HtmlCorruptDetectionStrategy on [00091 -  In betrekking.epub]
10:18:06.964 [pool-1-thread-3] DEBUG n.i.e.s.e.NoCoverDetectionStrategy - Applying NoCoverDetectionStrategy on [00091 -  In betrekking.epub]
10:18:06.970 [pool-1-thread-4] DEBUG n.i.e.s.e.AuthorStrategy - Applying AuthorStrategy on [00092 -  Importbruid.epub]
10:18:06.971 [pool-1-thread-4] INFO  n.i.e.s.e.AuthorStrategy - Retrieve Author from filename [00092 -  Importbruid.epub]
10:18:06.971 [pool-1-thread-4] DEBUG n.i.e.s.e.FileSizeStrategy - Applying CommentRemovalStrategy on [00092 -  Importbruid.epub]
10:18:06.989 [pool-1-thread-4] DEBUG n.i.e.s.e.FileSizeStrategy - Applying DitigalWatermarkRemovalStrategy on [00092 -  Importbruid.epub]
10:18:06.997 [pool-1-thread-2] INFO  n.i.e.s.e.NoCoverDetectionStrategy - Found cover in cover page [00018 -  Grof Wild.epub]
10:18:06.997 [pool-1-thread-1] INFO  n.i.e.s.e.NoCoverDetectionStrategy - Found cover in cover page [00016 -  De wereld volgens Yoshi.epub]
10:18:06.997 [pool-1-thread-3] INFO  n.i.e.s.e.NoCoverDetectionStrategy - Found cover in cover page [00091 -  In betrekking.epub]
10:18:07.023 [pool-1-thread-4] DEBUG n.i.e.s.e.FileSizeStrategy - Applying FileSizeStrategy on [00092 -  Importbruid.epub]
10:18:07.025 [pool-1-thread-4] DEBUG n.i.e.s.e.HtmlCorruptDetectionStrategy - Applying HtmlCorruptDetectionStrategy on [00092 -  Importbruid.epub]
10:18:07.046 [pool-1-thread-4] DEBUG n.i.e.s.e.NoCoverDetectionStrategy - Applying NoCoverDetectionStrategy on [00092 -  Importbruid.epub]
10:18:07.050 [pool-1-thread-4] INFO  n.i.e.s.e.NoCoverDetectionStrategy - Found cover in cover page [00092 -  Importbruid.epub]
10:18:07.115 [pool-1-thread-2] DEBUG n.i.e.s.e.SubjectsStrategy - Applying SubjectsStrategy on [00018 -  Grof Wild.epub]
10:18:07.116 [pool-1-thread-3] DEBUG n.i.e.s.e.SubjectsStrategy - Applying SubjectsStrategy on [00091 -  In betrekking.epub]
10:18:07.118 [pool-1-thread-1] DEBUG n.i.e.s.e.SubjectsStrategy - Applying SubjectsStrategy on [00016 -  De wereld volgens Yoshi.epub]
10:18:07.119 [pool-1-thread-1] DEBUG n.i.e.s.e.KepubStrategy - Applying KepubStrategy on [00016 -  De wereld volgens Yoshi.epub]
10:18:07.119 [pool-1-thread-3] DEBUG n.i.e.s.e.KepubStrategy - Applying KepubStrategy on [00091 -  In betrekking.epub]
10:18:07.119 [pool-1-thread-2] DEBUG n.i.e.s.e.KepubStrategy - Applying KepubStrategy on [00018 -  Grof Wild.epub]
10:18:07.121 [pool-1-thread-4] DEBUG n.i.e.s.e.SubjectsStrategy - Applying SubjectsStrategy on [00092 -  Importbruid.epub]
10:18:07.121 [pool-1-thread-4] DEBUG n.i.e.s.e.KepubStrategy - Applying KepubStrategy on [00092 -  Importbruid.epub]
10:18:07.127 [pool-1-thread-2] DEBUG n.i.e.s.e.LanguageStrategy - Applying LanguageStrategy on [00018 -  Grof Wild.epub]
10:18:07.135 [pool-1-thread-3] DEBUG n.i.e.s.e.LanguageStrategy - Applying LanguageStrategy on [00091 -  In betrekking.epub]
10:18:07.144 [pool-1-thread-5] DEBUG n.i.e.s.e.AuthorStrategy - Applying AuthorStrategy on [00114 -  Shopaholic Omnibus.epub]
10:18:07.145 [pool-1-thread-5] INFO  n.i.e.s.e.AuthorStrategy - Retrieve Author from filename [00114 -  Shopaholic Omnibus.epub]
10:18:07.145 [pool-1-thread-5] DEBUG n.i.e.s.e.FileSizeStrategy - Applying CommentRemovalStrategy on [00114 -  Shopaholic Omnibus.epub]
10:18:07.150 [pool-1-thread-1] DEBUG n.i.e.s.e.LanguageStrategy - Applying LanguageStrategy on [00016 -  De wereld volgens Yoshi.epub]
10:18:07.160 [pool-1-thread-4] DEBUG n.i.e.s.e.LanguageStrategy - Applying LanguageStrategy on [00092 -  Importbruid.epub]
10:18:07.176 [pool-1-thread-6] DEBUG n.i.e.s.e.AuthorStrategy - Applying AuthorStrategy on [00121 -  Kinderen Van Chronos.epub]
10:18:07.176 [pool-1-thread-6] INFO  n.i.e.s.e.AuthorStrategy - Retrieve Author from filename [00121 -  Kinderen Van Chronos.epub]
10:18:07.177 [pool-1-thread-6] DEBUG n.i.e.s.e.FileSizeStrategy - Applying CommentRemovalStrategy on [00121 -  Kinderen Van Chronos.epub]
10:18:07.178 [pool-1-thread-5] DEBUG n.i.e.s.e.FileSizeStrategy - Applying DitigalWatermarkRemovalStrategy on [00114 -  Shopaholic Omnibus.epub]
10:18:07.190 [pool-1-thread-6] DEBUG n.i.e.s.e.FileSizeStrategy - Applying DitigalWatermarkRemovalStrategy on [00121 -  Kinderen Van Chronos.epub]
10:18:07.214 [pool-1-thread-6] DEBUG n.i.e.s.e.FileSizeStrategy - Applying FileSizeStrategy on [00121 -  Kinderen Van Chronos.epub]
10:18:07.214 [pool-1-thread-6] DEBUG n.i.e.s.e.HtmlCorruptDetectionStrategy - Applying HtmlCorruptDetectionStrategy on [00121 -  Kinderen Van Chronos.epub]
10:18:07.217 [pool-1-thread-7] DEBUG n.i.e.s.e.AuthorStrategy - Applying AuthorStrategy on [00122 -  De Vierde Gestalte.epub]
10:18:07.217 [pool-1-thread-7] INFO  n.i.e.s.e.AuthorStrategy - Retrieve Author from filename [00122 -  De Vierde Gestalte.epub]
10:18:07.217 [pool-1-thread-7] DEBUG n.i.e.s.e.FileSizeStrategy - Applying CommentRemovalStrategy on [00122 -  De Vierde Gestalte.epub]
10:18:07.230 [pool-1-thread-6] DEBUG n.i.e.s.e.NoCoverDetectionStrategy - Applying NoCoverDetectionStrategy on [00121 -  Kinderen Van Chronos.epub]
10:18:07.230 [pool-1-thread-6] INFO  n.i.e.s.e.NoCoverDetectionStrategy - Found cover in cover page [00121 -  Kinderen Van Chronos.epub]
10:18:07.232 [pool-1-thread-7] DEBUG n.i.e.s.e.FileSizeStrategy - Applying DitigalWatermarkRemovalStrategy on [00122 -  De Vierde Gestalte.epub]
10:18:07.235 [pool-1-thread-5] DEBUG n.i.e.s.e.FileSizeStrategy - Applying FileSizeStrategy on [00114 -  Shopaholic Omnibus.epub]
10:18:07.246 [pool-1-thread-5] DEBUG n.i.e.s.e.HtmlCorruptDetectionStrategy - Applying HtmlCorruptDetectionStrategy on [00114 -  Shopaholic Omnibus.epub]
10:18:07.259 [pool-1-thread-7] DEBUG n.i.e.s.e.FileSizeStrategy - Applying FileSizeStrategy on [00122 -  De Vierde Gestalte.epub]
10:18:07.260 [pool-1-thread-7] DEBUG n.i.e.s.e.HtmlCorruptDetectionStrategy - Applying HtmlCorruptDetectionStrategy on [00122 -  De Vierde Gestalte.epub]
10:18:07.270 [pool-1-thread-6] DEBUG n.i.e.s.e.SubjectsStrategy - Applying SubjectsStrategy on [00121 -  Kinderen Van Chronos.epub]
10:18:07.270 [pool-1-thread-6] DEBUG n.i.e.s.e.KepubStrategy - Applying KepubStrategy on [00121 -  Kinderen Van Chronos.epub]
10:18:07.275 [pool-1-thread-7] DEBUG n.i.e.s.e.NoCoverDetectionStrategy - Applying NoCoverDetectionStrategy on [00122 -  De Vierde Gestalte.epub]
10:18:07.276 [pool-1-thread-7] INFO  n.i.e.s.e.NoCoverDetectionStrategy - Found cover in cover page [00122 -  De Vierde Gestalte.epub]
10:18:07.283 [pool-1-thread-5] DEBUG n.i.e.s.e.NoCoverDetectionStrategy - Applying NoCoverDetectionStrategy on [00114 -  Shopaholic Omnibus.epub]
10:18:07.294 [pool-1-thread-8] DEBUG n.i.e.s.e.AuthorStrategy - Applying AuthorStrategy on [00143 -  De Uitnodiging.epub]
10:18:07.295 [pool-1-thread-8] INFO  n.i.e.s.e.AuthorStrategy - Retrieve Author from filename [00143 -  De Uitnodiging.epub]
10:18:07.295 [pool-1-thread-8] DEBUG n.i.e.s.e.FileSizeStrategy - Applying CommentRemovalStrategy on [00143 -  De Uitnodiging.epub]
10:18:07.307 [pool-1-thread-8] DEBUG n.i.e.s.e.FileSizeStrategy - Applying DitigalWatermarkRemovalStrategy on [00143 -  De Uitnodiging.epub]
10:18:07.312 [pool-1-thread-6] DEBUG n.i.e.s.e.LanguageStrategy - Applying LanguageStrategy on [00121 -  Kinderen Van Chronos.epub]
10:18:07.315 [pool-1-thread-5] DEBUG n.i.e.s.e.SubjectsStrategy - Applying SubjectsStrategy on [00114 -  Shopaholic Omnibus.epub]
10:18:07.315 [pool-1-thread-5] DEBUG n.i.e.s.e.KepubStrategy - Applying KepubStrategy on [00114 -  Shopaholic Omnibus.epub]
10:18:07.316 [pool-1-thread-7] DEBUG n.i.e.s.e.SubjectsStrategy - Applying SubjectsStrategy on [00122 -  De Vierde Gestalte.epub]
10:18:07.316 [pool-1-thread-7] DEBUG n.i.e.s.e.KepubStrategy - Applying KepubStrategy on [00122 -  De Vierde Gestalte.epub]
10:18:07.328 [pool-1-thread-8] DEBUG n.i.e.s.e.FileSizeStrategy - Applying FileSizeStrategy on [00143 -  De Uitnodiging.epub]
10:18:07.329 [pool-1-thread-8] DEBUG n.i.e.s.e.HtmlCorruptDetectionStrategy - Applying HtmlCorruptDetectionStrategy on [00143 -  De Uitnodiging.epub]
10:18:07.342 [pool-1-thread-8] DEBUG n.i.e.s.e.NoCoverDetectionStrategy - Applying NoCoverDetectionStrategy on [00143 -  De Uitnodiging.epub]
10:18:07.345 [pool-1-thread-8] INFO  n.i.e.s.e.NoCoverDetectionStrategy - Found cover in cover page [00143 -  De Uitnodiging.epub]
10:18:07.357 [pool-1-thread-7] DEBUG n.i.e.s.e.LanguageStrategy - Applying LanguageStrategy on [00122 -  De Vierde Gestalte.epub]
10:18:07.370 [pool-1-thread-8] DEBUG n.i.e.s.e.SubjectsStrategy - Applying SubjectsStrategy on [00143 -  De Uitnodiging.epub]
10:18:07.371 [pool-1-thread-8] DEBUG n.i.e.s.e.KepubStrategy - Applying KepubStrategy on [00143 -  De Uitnodiging.epub]
10:18:07.384 [pool-1-thread-8] DEBUG n.i.e.s.e.LanguageStrategy - Applying LanguageStrategy on [00143 -  De Uitnodiging.epub]
10:18:07.408 [pool-1-thread-3] DEBUG n.i.e.s.e.TitleStrategy - Applying TitleStrategy on [00091 -  In betrekking.epub]
10:18:07.410 [pool-1-thread-3] DEBUG n.i.e.s.e.CoverStrategy - Applying CoverStrategy on [00091 -  In betrekking.epub]
10:18:07.411 [pool-1-thread-3] DEBUG n.i.e.s.e.CoverStrategy - No cover needs to be retrieved, because it seems to have one
10:18:07.412 [pool-1-thread-3] ERROR n.i.e.p.e.EpubConsumer - Dropout ebook [00091 -  In betrekking.epub] with reason [No Author]
10:18:07.422 [pool-1-thread-2] DEBUG n.i.e.s.e.TitleStrategy - Applying TitleStrategy on [00018 -  Grof Wild.epub]
10:18:07.427 [pool-1-thread-1] DEBUG n.i.e.s.e.TitleStrategy - Applying TitleStrategy on [00016 -  De wereld volgens Yoshi.epub]
10:18:07.427 [pool-1-thread-2] DEBUG n.i.e.s.e.CoverStrategy - Applying CoverStrategy on [00018 -  Grof Wild.epub]
10:18:07.427 [pool-1-thread-2] DEBUG n.i.e.s.e.CoverStrategy - No cover needs to be retrieved, because it seems to have one
10:18:07.427 [pool-1-thread-2] ERROR n.i.e.p.e.EpubConsumer - Dropout ebook [00018 -  Grof Wild.epub] with reason [No Author]
10:18:07.427 [pool-1-thread-1] DEBUG n.i.e.s.e.CoverStrategy - Applying CoverStrategy on [00016 -  De wereld volgens Yoshi.epub]
10:18:07.427 [pool-1-thread-1] DEBUG n.i.e.s.e.CoverStrategy - No cover needs to be retrieved, because it seems to have one
10:18:07.455 [pool-1-thread-5] DEBUG n.i.e.s.e.LanguageStrategy - Applying LanguageStrategy on [00114 -  Shopaholic Omnibus.epub]
10:18:07.505 [pool-1-thread-6] DEBUG n.i.e.s.e.TitleStrategy - Applying TitleStrategy on [00121 -  Kinderen Van Chronos.epub]
10:18:07.505 [pool-1-thread-6] DEBUG n.i.e.s.e.CoverStrategy - Applying CoverStrategy on [00121 -  Kinderen Van Chronos.epub]
10:18:07.505 [pool-1-thread-6] DEBUG n.i.e.s.e.CoverStrategy - No cover needs to be retrieved, because it seems to have one
10:18:07.505 [pool-1-thread-6] ERROR n.i.e.p.e.EpubConsumer - Dropout ebook [00121 -  Kinderen Van Chronos.epub] with reason [No Author]
10:18:07.538 [pool-1-thread-7] DEBUG n.i.e.s.e.TitleStrategy - Applying TitleStrategy on [00122 -  De Vierde Gestalte.epub]
10:18:07.539 [pool-1-thread-7] DEBUG n.i.e.s.e.CoverStrategy - Applying CoverStrategy on [00122 -  De Vierde Gestalte.epub]
10:18:07.539 [pool-1-thread-7] DEBUG n.i.e.s.e.CoverStrategy - No cover needs to be retrieved, because it seems to have one
10:18:07.539 [pool-1-thread-7] ERROR n.i.e.p.e.EpubConsumer - Dropout ebook [00122 -  De Vierde Gestalte.epub] with reason [No Author]
10:18:07.541 [pool-1-thread-8] DEBUG n.i.e.s.e.TitleStrategy - Applying TitleStrategy on [00143 -  De Uitnodiging.epub]
10:18:07.541 [pool-1-thread-8] DEBUG n.i.e.s.e.CoverStrategy - Applying CoverStrategy on [00143 -  De Uitnodiging.epub]
10:18:07.541 [pool-1-thread-8] DEBUG n.i.e.s.e.CoverStrategy - No cover needs to be retrieved, because it seems to have one
10:18:07.541 [pool-1-thread-8] ERROR n.i.e.p.e.EpubConsumer - Dropout ebook [00143 -  De Uitnodiging.epub] with reason [No Author]
10:18:07.541 [pool-1-thread-4] DEBUG n.i.e.s.e.TitleStrategy - Applying TitleStrategy on [00092 -  Importbruid.epub]
10:18:07.541 [pool-1-thread-4] DEBUG n.i.e.s.e.CoverStrategy - Applying CoverStrategy on [00092 -  Importbruid.epub]
10:18:07.542 [pool-1-thread-4] DEBUG n.i.e.s.e.CoverStrategy - No cover needs to be retrieved, because it seems to have one
10:18:07.608 [pool-1-thread-5] DEBUG n.i.e.s.e.TitleStrategy - Applying TitleStrategy on [00114 -  Shopaholic Omnibus.epub]
10:18:07.608 [pool-1-thread-5] DEBUG n.i.e.s.e.CoverStrategy - Applying CoverStrategy on [00114 -  Shopaholic Omnibus.epub]
10:18:07.608 [pool-1-thread-5] DEBUG n.i.e.s.e.CoverStrategy - No cover needs to be retrieved, because it seems to have one
10:18:07.608 [pool-1-thread-5] ERROR n.i.e.p.e.EpubConsumer - Dropout ebook [00114 -  Shopaholic Omnibus.epub] with reason [No Author]
10:18:07.709 [pool-1-thread-6] DEBUG n.i.e.s.e.AuthorStrategy - Applying AuthorStrategy on [00155 -  Lust.epub]
10:18:07.709 [pool-1-thread-3] DEBUG n.i.e.s.e.AuthorStrategy - Applying AuthorStrategy on [00161 -  Mam, kun je me geld lenen.epub]
10:18:07.710 [pool-1-thread-3] INFO  n.i.e.s.e.AuthorStrategy - Retrieve Author from filename [00161 -  Mam, kun je me geld lenen.epub]
10:18:07.710 [pool-1-thread-6] INFO  n.i.e.s.e.AuthorStrategy - Retrieve Author from filename [00155 -  Lust.epub]
10:18:07.710 [pool-1-thread-6] DEBUG n.i.e.s.e.FileSizeStrategy - Applying CommentRemovalStrategy on [00155 -  Lust.epub]
10:18:07.710 [pool-1-thread-3] DEBUG n.i.e.s.e.FileSizeStrategy - Applying CommentRemovalStrategy on [00161 -  Mam, kun je me geld lenen.epub]
10:18:08.280 [pool-1-thread-3] DEBUG n.i.e.s.e.FileSizeStrategy - Applying DitigalWatermarkRemovalStrategy on [00161 -  Mam, kun je me geld lenen.epub]
10:18:08.285 [pool-1-thread-6] DEBUG n.i.e.s.e.FileSizeStrategy - Applying DitigalWatermarkRemovalStrategy on [00155 -  Lust.epub]
10:18:08.296 [pool-1-thread-3] DEBUG n.i.e.s.e.FileSizeStrategy - Applying FileSizeStrategy on [00161 -  Mam, kun je me geld lenen.epub]
10:18:08.304 [pool-1-thread-6] DEBUG n.i.e.s.e.FileSizeStrategy - Applying FileSizeStrategy on [00155 -  Lust.epub]
10:18:08.323 [pool-1-thread-3] DEBUG n.i.e.s.e.HtmlCorruptDetectionStrategy - Applying HtmlCorruptDetectionStrategy on [00161 -  Mam, kun je me geld lenen.epub]
10:18:08.323 [pool-1-thread-6] DEBUG n.i.e.s.e.HtmlCorruptDetectionStrategy - Applying HtmlCorruptDetectionStrategy on [00155 -  Lust.epub]
10:18:08.335 [pool-1-thread-3] DEBUG n.i.e.s.e.NoCoverDetectionStrategy - Applying NoCoverDetectionStrategy on [00161 -  Mam, kun je me geld lenen.epub]
10:18:08.336 [pool-1-thread-6] DEBUG n.i.e.s.e.NoCoverDetectionStrategy - Applying NoCoverDetectionStrategy on [00155 -  Lust.epub]
10:18:08.336 [pool-1-thread-6] INFO  n.i.e.s.e.NoCoverDetectionStrategy - Found cover in cover page [00155 -  Lust.epub]
10:18:08.378 [pool-1-thread-3] DEBUG n.i.e.s.e.SubjectsStrategy - Applying SubjectsStrategy on [00161 -  Mam, kun je me geld lenen.epub]
10:18:08.378 [pool-1-thread-3] DEBUG n.i.e.s.e.KepubStrategy - Applying KepubStrategy on [00161 -  Mam, kun je me geld lenen.epub]
10:18:08.381 [pool-1-thread-6] DEBUG n.i.e.s.e.SubjectsStrategy - Applying SubjectsStrategy on [00155 -  Lust.epub]
10:18:08.382 [pool-1-thread-6] DEBUG n.i.e.s.e.KepubStrategy - Applying KepubStrategy on [00155 -  Lust.epub]
10:18:08.406 [pool-1-thread-6] DEBUG n.i.e.s.e.LanguageStrategy - Applying LanguageStrategy on [00155 -  Lust.epub]
10:18:08.415 [pool-1-thread-3] DEBUG n.i.e.s.e.LanguageStrategy - Applying LanguageStrategy on [00161 -  Mam, kun je me geld lenen.epub]
10:18:08.419 [pool-1-thread-2] DEBUG n.i.e.s.e.AuthorStrategy - Applying AuthorStrategy on [00182 -  Het Ultimatum.epub]
10:18:08.420 [pool-1-thread-2] INFO  n.i.e.s.e.AuthorStrategy - Retrieve Author from filename [00182 -  Het Ultimatum.epub]
10:18:08.420 [pool-1-thread-2] DEBUG n.i.e.s.e.FileSizeStrategy - Applying CommentRemovalStrategy on [00182 -  Het Ultimatum.epub]
10:18:08.434 [pool-1-thread-2] DEBUG n.i.e.s.e.FileSizeStrategy - Applying DitigalWatermarkRemovalStrategy on [00182 -  Het Ultimatum.epub]
10:18:08.446 [pool-1-thread-6] DEBUG n.i.e.s.e.TitleStrategy - Applying TitleStrategy on [00155 -  Lust.epub]
10:18:08.446 [pool-1-thread-6] DEBUG n.i.e.s.e.CoverStrategy - Applying CoverStrategy on [00155 -  Lust.epub]
10:18:08.446 [pool-1-thread-6] DEBUG n.i.e.s.e.CoverStrategy - No cover needs to be retrieved, because it seems to have one
10:18:08.446 [pool-1-thread-6] ERROR n.i.e.p.e.EpubConsumer - Dropout ebook [00155 -  Lust.epub] with reason [No Author]
10:18:08.451 [pool-1-thread-2] DEBUG n.i.e.s.e.FileSizeStrategy - Applying FileSizeStrategy on [00182 -  Het Ultimatum.epub]
10:18:08.453 [pool-1-thread-3] DEBUG n.i.e.s.e.TitleStrategy - Applying TitleStrategy on [00161 -  Mam, kun je me geld lenen.epub]
10:18:08.453 [pool-1-thread-3] DEBUG n.i.e.s.e.CoverStrategy - Applying CoverStrategy on [00161 -  Mam, kun je me geld lenen.epub]
10:18:08.453 [pool-1-thread-3] DEBUG n.i.e.s.e.CoverStrategy - No cover needs to be retrieved, because it seems to have one
10:18:08.453 [pool-1-thread-3] ERROR n.i.e.p.e.EpubConsumer - Dropout ebook [00161 -  Mam, kun je me geld lenen.epub] with reason [No Author]
10:18:08.524 [pool-1-thread-2] DEBUG n.i.e.s.e.HtmlCorruptDetectionStrategy - Applying HtmlCorruptDetectionStrategy on [00182 -  Het Ultimatum.epub]
10:18:08.535 [pool-1-thread-2] DEBUG n.i.e.s.e.NoCoverDetectionStrategy - Applying NoCoverDetectionStrategy on [00182 -  Het Ultimatum.epub]
10:18:08.536 [pool-1-thread-2] INFO  n.i.e.s.e.NoCoverDetectionStrategy - Found cover in cover page [00182 -  Het Ultimatum.epub]
10:18:08.557 [pool-1-thread-2] DEBUG n.i.e.s.e.SubjectsStrategy - Applying SubjectsStrategy on [00182 -  Het Ultimatum.epub]
10:18:08.558 [pool-1-thread-2] DEBUG n.i.e.s.e.KepubStrategy - Applying KepubStrategy on [00182 -  Het Ultimatum.epub]
10:18:08.583 [pool-1-thread-2] DEBUG n.i.e.s.e.LanguageStrategy - Applying LanguageStrategy on [00182 -  Het Ultimatum.epub]
10:18:08.616 [pool-1-thread-2] DEBUG n.i.e.s.e.TitleStrategy - Applying TitleStrategy on [00182 -  Het Ultimatum.epub]
10:18:08.616 [pool-1-thread-2] DEBUG n.i.e.s.e.CoverStrategy - Applying CoverStrategy on [00182 -  Het Ultimatum.epub]
10:18:08.616 [pool-1-thread-2] DEBUG n.i.e.s.e.CoverStrategy - No cover needs to be retrieved, because it seems to have one
10:18:08.616 [pool-1-thread-2] ERROR n.i.e.p.e.EpubConsumer - Dropout ebook [00182 -  Het Ultimatum.epub] with reason [No Author]
10:18:08.867 [pool-1-thread-8] DEBUG n.i.e.s.e.AuthorStrategy - Applying AuthorStrategy on [00183 -  Indringer.epub]
10:18:08.867 [pool-1-thread-8] INFO  n.i.e.s.e.AuthorStrategy - Retrieve Author from filename [00183 -  Indringer.epub]
10:18:08.868 [pool-1-thread-8] DEBUG n.i.e.s.e.FileSizeStrategy - Applying CommentRemovalStrategy on [00183 -  Indringer.epub]
10:18:08.878 [pool-1-thread-8] DEBUG n.i.e.s.e.FileSizeStrategy - Applying DitigalWatermarkRemovalStrategy on [00183 -  Indringer.epub]
10:18:08.896 [pool-1-thread-8] DEBUG n.i.e.s.e.FileSizeStrategy - Applying FileSizeStrategy on [00183 -  Indringer.epub]
10:18:08.924 [pool-1-thread-8] DEBUG n.i.e.s.e.HtmlCorruptDetectionStrategy - Applying HtmlCorruptDetectionStrategy on [00183 -  Indringer.epub]
10:18:08.937 [pool-1-thread-8] DEBUG n.i.e.s.e.NoCoverDetectionStrategy - Applying NoCoverDetectionStrategy on [00183 -  Indringer.epub]
10:18:08.938 [pool-1-thread-8] INFO  n.i.e.s.e.NoCoverDetectionStrategy - Found cover in cover page [00183 -  Indringer.epub]
10:18:08.961 [pool-1-thread-8] DEBUG n.i.e.s.e.SubjectsStrategy - Applying SubjectsStrategy on [00183 -  Indringer.epub]
10:18:08.962 [pool-1-thread-8] DEBUG n.i.e.s.e.KepubStrategy - Applying KepubStrategy on [00183 -  Indringer.epub]
10:18:08.965 [pool-1-thread-7] DEBUG n.i.e.s.e.AuthorStrategy - Applying AuthorStrategy on [00185 -  Verliefd.epub]
10:18:08.965 [pool-1-thread-7] INFO  n.i.e.s.e.AuthorStrategy - Retrieve Author from filename [00185 -  Verliefd.epub]
10:18:08.966 [pool-1-thread-7] DEBUG n.i.e.s.e.FileSizeStrategy - Applying CommentRemovalStrategy on [00185 -  Verliefd.epub]
10:18:08.974 [pool-1-thread-7] DEBUG n.i.e.s.e.FileSizeStrategy - Applying DitigalWatermarkRemovalStrategy on [00185 -  Verliefd.epub]
10:18:08.984 [pool-1-thread-8] DEBUG n.i.e.s.e.LanguageStrategy - Applying LanguageStrategy on [00183 -  Indringer.epub]
10:18:08.990 [pool-1-thread-7] DEBUG n.i.e.s.e.FileSizeStrategy - Applying FileSizeStrategy on [00185 -  Verliefd.epub]
10:18:09.008 [pool-1-thread-8] DEBUG n.i.e.s.e.TitleStrategy - Applying TitleStrategy on [00183 -  Indringer.epub]
10:18:09.008 [pool-1-thread-8] DEBUG n.i.e.s.e.CoverStrategy - Applying CoverStrategy on [00183 -  Indringer.epub]
10:18:09.008 [pool-1-thread-8] DEBUG n.i.e.s.e.CoverStrategy - No cover needs to be retrieved, because it seems to have one
10:18:09.008 [pool-1-thread-8] ERROR n.i.e.p.e.EpubConsumer - Dropout ebook [00183 -  Indringer.epub] with reason [No Author]
10:18:09.022 [pool-1-thread-7] DEBUG n.i.e.s.e.HtmlCorruptDetectionStrategy - Applying HtmlCorruptDetectionStrategy on [00185 -  Verliefd.epub]
10:18:09.033 [pool-1-thread-7] DEBUG n.i.e.s.e.NoCoverDetectionStrategy - Applying NoCoverDetectionStrategy on [00185 -  Verliefd.epub]
10:18:09.034 [pool-1-thread-7] INFO  n.i.e.s.e.NoCoverDetectionStrategy - Found cover in cover page [00185 -  Verliefd.epub]
10:18:09.051 [pool-1-thread-7] DEBUG n.i.e.s.e.SubjectsStrategy - Applying SubjectsStrategy on [00185 -  Verliefd.epub]
10:18:09.051 [pool-1-thread-7] DEBUG n.i.e.s.e.KepubStrategy - Applying KepubStrategy on [00185 -  Verliefd.epub]
10:18:09.070 [pool-1-thread-7] DEBUG n.i.e.s.e.LanguageStrategy - Applying LanguageStrategy on [00185 -  Verliefd.epub]
10:18:09.094 [pool-1-thread-5] DEBUG n.i.e.s.e.AuthorStrategy - Applying AuthorStrategy on [6. P.S. I Like You - Kasie West.epub]
10:18:09.094 [pool-1-thread-5] INFO  n.i.e.s.e.AuthorStrategy - Retrieve Author from filename [6. P.S. I Like You - Kasie West.epub]
10:18:09.095 [pool-1-thread-5] DEBUG n.i.e.s.e.FileSizeStrategy - Applying CommentRemovalStrategy on [6. P.S. I Like You - Kasie West.epub]
10:18:09.098 [pool-1-thread-7] DEBUG n.i.e.s.e.TitleStrategy - Applying TitleStrategy on [00185 -  Verliefd.epub]
10:18:09.099 [pool-1-thread-7] DEBUG n.i.e.s.e.CoverStrategy - Applying CoverStrategy on [00185 -  Verliefd.epub]
10:18:09.099 [pool-1-thread-7] DEBUG n.i.e.s.e.CoverStrategy - No cover needs to be retrieved, because it seems to have one
10:18:09.099 [pool-1-thread-7] ERROR n.i.e.p.e.EpubConsumer - Dropout ebook [00185 -  Verliefd.epub] with reason [No Author]
10:18:09.105 [pool-1-thread-5] DEBUG n.i.e.s.e.FileSizeStrategy - Applying DitigalWatermarkRemovalStrategy on [6. P.S. I Like You - Kasie West.epub]
10:18:09.122 [pool-1-thread-5] DEBUG n.i.e.s.e.FileSizeStrategy - Applying FileSizeStrategy on [6. P.S. I Like You - Kasie West.epub]
10:18:09.144 [pool-1-thread-5] DEBUG n.i.e.s.e.HtmlCorruptDetectionStrategy - Applying HtmlCorruptDetectionStrategy on [6. P.S. I Like You - Kasie West.epub]
10:18:09.156 [pool-1-thread-5] DEBUG n.i.e.s.e.NoCoverDetectionStrategy - Applying NoCoverDetectionStrategy on [6. P.S. I Like You - Kasie West.epub]
10:18:09.161 [pool-1-thread-1] ERROR n.s.e.e.PackageDocumentWriter - resource mediatype must not be empty (id: map, href:page-map.xml)
10:18:09.174 [pool-1-thread-5] DEBUG n.i.e.s.e.SubjectsStrategy - Applying SubjectsStrategy on [6. P.S. I Like You - Kasie West.epub]
10:18:09.174 [pool-1-thread-5] DEBUG n.i.e.s.e.KepubStrategy - Applying KepubStrategy on [6. P.S. I Like You - Kasie West.epub]
10:18:09.199 [pool-1-thread-5] DEBUG n.i.e.s.e.LanguageStrategy - Applying LanguageStrategy on [6. P.S. I Like You - Kasie West.epub]
10:18:09.221 [pool-1-thread-5] DEBUG n.i.e.s.e.TitleStrategy - Applying TitleStrategy on [6. P.S. I Like You - Kasie West.epub]
10:18:09.221 [pool-1-thread-5] DEBUG n.i.e.s.e.CoverStrategy - Applying CoverStrategy on [6. P.S. I Like You - Kasie West.epub]
10:18:09.221 [pool-1-thread-5] DEBUG n.i.e.s.e.CoverStrategy - No cover needs to be retrieved, because it seems to have one
