10:18:06.826 [pool-1-thread-1] INFO  n.i.e.s.e.AuthorStrategy - Retrieve Author from filename [00016 -  De wereld volgens Yoshi.epub]
10:18:06.882 [pool-1-thread-2] INFO  n.i.e.s.e.AuthorStrategy - Retrieve Author from filename [00018 -  Grof Wild.epub]
10:18:06.920 [pool-1-thread-3] INFO  n.i.e.s.e.AuthorStrategy - Retrieve Author from filename [00091 -  In betrekking.epub]
10:18:06.971 [pool-1-thread-4] INFO  n.i.e.s.e.AuthorStrategy - Retrieve Author from filename [00092 -  Importbruid.epub]
10:18:06.997 [pool-1-thread-2] INFO  n.i.e.s.e.NoCoverDetectionStrategy - Found cover in cover page [00018 -  Grof Wild.epub]
10:18:06.997 [pool-1-thread-1] INFO  n.i.e.s.e.NoCoverDetectionStrategy - Found cover in cover page [00016 -  De wereld volgens Yoshi.epub]
10:18:06.997 [pool-1-thread-3] INFO  n.i.e.s.e.NoCoverDetectionStrategy - Found cover in cover page [00091 -  In betrekking.epub]
10:18:07.050 [pool-1-thread-4] INFO  n.i.e.s.e.NoCoverDetectionStrategy - Found cover in cover page [00092 -  Importbruid.epub]
10:18:07.145 [pool-1-thread-5] INFO  n.i.e.s.e.AuthorStrategy - Retrieve Author from filename [00114 -  Shopaholic Omnibus.epub]
10:18:07.176 [pool-1-thread-6] INFO  n.i.e.s.e.AuthorStrategy - Retrieve Author from filename [00121 -  Kinderen Van Chronos.epub]
10:18:07.217 [pool-1-thread-7] INFO  n.i.e.s.e.AuthorStrategy - Retrieve Author from filename [00122 -  De Vierde Gestalte.epub]
10:18:07.230 [pool-1-thread-6] INFO  n.i.e.s.e.NoCoverDetectionStrategy - Found cover in cover page [00121 -  Kinderen Van Chronos.epub]
10:18:07.276 [pool-1-thread-7] INFO  n.i.e.s.e.NoCoverDetectionStrategy - Found cover in cover page [00122 -  De Vierde Gestalte.epub]
10:18:07.295 [pool-1-thread-8] INFO  n.i.e.s.e.AuthorStrategy - Retrieve Author from filename [00143 -  De Uitnodiging.epub]
10:18:07.345 [pool-1-thread-8] INFO  n.i.e.s.e.NoCoverDetectionStrategy - Found cover in cover page [00143 -  De Uitnodiging.epub]
10:18:07.710 [pool-1-thread-3] INFO  n.i.e.s.e.AuthorStrategy - Retrieve Author from filename [00161 -  Mam, kun je me geld lenen.epub]
10:18:07.710 [pool-1-thread-6] INFO  n.i.e.s.e.AuthorStrategy - Retrieve Author from filename [00155 -  Lust.epub]
10:18:08.336 [pool-1-thread-6] INFO  n.i.e.s.e.NoCoverDetectionStrategy - Found cover in cover page [00155 -  Lust.epub]
10:18:08.420 [pool-1-thread-2] INFO  n.i.e.s.e.AuthorStrategy - Retrieve Author from filename [00182 -  Het Ultimatum.epub]
10:18:08.536 [pool-1-thread-2] INFO  n.i.e.s.e.NoCoverDetectionStrategy - Found cover in cover page [00182 -  Het Ultimatum.epub]
10:18:08.867 [pool-1-thread-8] INFO  n.i.e.s.e.AuthorStrategy - Retrieve Author from filename [00183 -  Indringer.epub]
10:18:08.938 [pool-1-thread-8] INFO  n.i.e.s.e.NoCoverDetectionStrategy - Found cover in cover page [00183 -  Indringer.epub]
10:18:08.965 [pool-1-thread-7] INFO  n.i.e.s.e.AuthorStrategy - Retrieve Author from filename [00185 -  Verliefd.epub]
10:18:09.034 [pool-1-thread-7] INFO  n.i.e.s.e.NoCoverDetectionStrategy - Found cover in cover page [00185 -  Verliefd.epub]
10:18:09.094 [pool-1-thread-5] INFO  n.i.e.s.e.AuthorStrategy - Retrieve Author from filename [6. P.S. I Like You - Kasie West.epub]
