Applying AuthorStrategy on [00016 -  De wereld volgens Yoshi.epub]
Retrieve Author from filename [00016 -  De wereld volgens Yoshi.epub]
Applying CommentRemovalStrategy on [00016 -  De wereld volgens Yoshi.epub]
Applying DitigalWatermarkRemovalStrategy on [00016 -  De wereld volgens Yoshi.epub]
Applying FileSizeStrategy on [00016 -  De wereld volgens Yoshi.epub]
Applying HtmlCorruptDetectionStrategy on [00016 -  De wereld volgens Yoshi.epub]
Applying AuthorStrategy on [00018 -  Grof Wild.epub]
Retrieve Author from filename [00018 -  Grof Wild.epub]
Applying CommentRemovalStrategy on [00018 -  Grof Wild.epub]
Applying DitigalWatermarkRemovalStrategy on [00018 -  Grof Wild.epub]
Applying NoCoverDetectionStrategy on [00016 -  De wereld volgens Yoshi.epub]
Applying FileSizeStrategy on [00018 -  Grof Wild.epub]
Applying HtmlCorruptDetectionStrategy on [00018 -  Grof Wild.epub]
Applying NoCoverDetectionStrategy on [00018 -  Grof Wild.epub]
Applying AuthorStrategy on [00091 -  In betrekking.epub]
Retrieve Author from filename [00091 -  In betrekking.epub]
Applying CommentRemovalStrategy on [00091 -  In betrekking.epub]
Applying DitigalWatermarkRemovalStrategy on [00091 -  In betrekking.epub]
Applying FileSizeStrategy on [00091 -  In betrekking.epub]
Applying HtmlCorruptDetectionStrategy on [00091 -  In betrekking.epub]
Applying NoCoverDetectionStrategy on [00091 -  In betrekking.epub]
Applying AuthorStrategy on [00092 -  Importbruid.epub]
Retrieve Author from filename [00092 -  Importbruid.epub]
Applying CommentRemovalStrategy on [00092 -  Importbruid.epub]
Applying DitigalWatermarkRemovalStrategy on [00092 -  Importbruid.epub]
Found cover in cover page [00018 -  Grof Wild.epub]
Found cover in cover page [00016 -  De wereld volgens Yoshi.epub]
Found cover in cover page [00091 -  In betrekking.epub]
Applying FileSizeStrategy on [00092 -  Importbruid.epub]
Applying HtmlCorruptDetectionStrategy on [00092 -  Importbruid.epub]
Applying NoCoverDetectionStrategy on [00092 -  Importbruid.epub]
Found cover in cover page [00092 -  Importbruid.epub]
Applying SubjectsStrategy on [00018 -  Grof Wild.epub]
Applying SubjectsStrategy on [00091 -  In betrekking.epub]
Applying SubjectsStrategy on [00016 -  De wereld volgens Yoshi.epub]
Applying KepubStrategy on [00016 -  De wereld volgens Yoshi.epub]
Applying KepubStrategy on [00091 -  In betrekking.epub]
Applying KepubStrategy on [00018 -  Grof Wild.epub]
Applying SubjectsStrategy on [00092 -  Importbruid.epub]
Applying KepubStrategy on [00092 -  Importbruid.epub]
Applying LanguageStrategy on [00018 -  Grof Wild.epub]
Applying LanguageStrategy on [00091 -  In betrekking.epub]
Applying AuthorStrategy on [00114 -  Shopaholic Omnibus.epub]
Retrieve Author from filename [00114 -  Shopaholic Omnibus.epub]
Applying CommentRemovalStrategy on [00114 -  Shopaholic Omnibus.epub]
Applying LanguageStrategy on [00016 -  De wereld volgens Yoshi.epub]
Applying LanguageStrategy on [00092 -  Importbruid.epub]
Applying AuthorStrategy on [00121 -  Kinderen Van Chronos.epub]
Retrieve Author from filename [00121 -  Kinderen Van Chronos.epub]
Applying CommentRemovalStrategy on [00121 -  Kinderen Van Chronos.epub]
Applying DitigalWatermarkRemovalStrategy on [00114 -  Shopaholic Omnibus.epub]
Applying DitigalWatermarkRemovalStrategy on [00121 -  Kinderen Van Chronos.epub]
Applying FileSizeStrategy on [00121 -  Kinderen Van Chronos.epub]
Applying HtmlCorruptDetectionStrategy on [00121 -  Kinderen Van Chronos.epub]
Applying AuthorStrategy on [00122 -  De Vierde Gestalte.epub]
Retrieve Author from filename [00122 -  De Vierde Gestalte.epub]
Applying CommentRemovalStrategy on [00122 -  De Vierde Gestalte.epub]
Applying NoCoverDetectionStrategy on [00121 -  Kinderen Van Chronos.epub]
Found cover in cover page [00121 -  Kinderen Van Chronos.epub]
Applying DitigalWatermarkRemovalStrategy on [00122 -  De Vierde Gestalte.epub]
Applying FileSizeStrategy on [00114 -  Shopaholic Omnibus.epub]
Applying HtmlCorruptDetectionStrategy on [00114 -  Shopaholic Omnibus.epub]
Applying FileSizeStrategy on [00122 -  De Vierde Gestalte.epub]
Applying HtmlCorruptDetectionStrategy on [00122 -  De Vierde Gestalte.epub]
Applying SubjectsStrategy on [00121 -  Kinderen Van Chronos.epub]
Applying KepubStrategy on [00121 -  Kinderen Van Chronos.epub]
Applying NoCoverDetectionStrategy on [00122 -  De Vierde Gestalte.epub]
Found cover in cover page [00122 -  De Vierde Gestalte.epub]
Applying NoCoverDetectionStrategy on [00114 -  Shopaholic Omnibus.epub]
Applying AuthorStrategy on [00143 -  De Uitnodiging.epub]
Retrieve Author from filename [00143 -  De Uitnodiging.epub]
Applying CommentRemovalStrategy on [00143 -  De Uitnodiging.epub]
Applying DitigalWatermarkRemovalStrategy on [00143 -  De Uitnodiging.epub]
Applying LanguageStrategy on [00121 -  Kinderen Van Chronos.epub]
Applying SubjectsStrategy on [00114 -  Shopaholic Omnibus.epub]
Applying KepubStrategy on [00114 -  Shopaholic Omnibus.epub]
Applying SubjectsStrategy on [00122 -  De Vierde Gestalte.epub]
Applying KepubStrategy on [00122 -  De Vierde Gestalte.epub]
Applying FileSizeStrategy on [00143 -  De Uitnodiging.epub]
Applying HtmlCorruptDetectionStrategy on [00143 -  De Uitnodiging.epub]
Applying NoCoverDetectionStrategy on [00143 -  De Uitnodiging.epub]
Found cover in cover page [00143 -  De Uitnodiging.epub]
Applying LanguageStrategy on [00122 -  De Vierde Gestalte.epub]
Applying SubjectsStrategy on [00143 -  De Uitnodiging.epub]
Applying KepubStrategy on [00143 -  De Uitnodiging.epub]
Applying LanguageStrategy on [00143 -  De Uitnodiging.epub]
Applying TitleStrategy on [00091 -  In betrekking.epub]
Applying CoverStrategy on [00091 -  In betrekking.epub]
No cover needs to be retrieved, because it seems to have one
Applying TitleStrategy on [00018 -  Grof Wild.epub]
Applying TitleStrategy on [00016 -  De wereld volgens Yoshi.epub]
Applying CoverStrategy on [00018 -  Grof Wild.epub]
No cover needs to be retrieved, because it seems to have one
Applying CoverStrategy on [00016 -  De wereld volgens Yoshi.epub]
No cover needs to be retrieved, because it seems to have one
Applying LanguageStrategy on [00114 -  Shopaholic Omnibus.epub]
Applying TitleStrategy on [00121 -  Kinderen Van Chronos.epub]
Applying CoverStrategy on [00121 -  Kinderen Van Chronos.epub]
No cover needs to be retrieved, because it seems to have one
Applying TitleStrategy on [00122 -  De Vierde Gestalte.epub]
Applying CoverStrategy on [00122 -  De Vierde Gestalte.epub]
No cover needs to be retrieved, because it seems to have one
Applying TitleStrategy on [00143 -  De Uitnodiging.epub]
Applying CoverStrategy on [00143 -  De Uitnodiging.epub]
No cover needs to be retrieved, because it seems to have one
Applying TitleStrategy on [00092 -  Importbruid.epub]
Applying CoverStrategy on [00092 -  Importbruid.epub]
No cover needs to be retrieved, because it seems to have one
Applying TitleStrategy on [00114 -  Shopaholic Omnibus.epub]
Applying CoverStrategy on [00114 -  Shopaholic Omnibus.epub]
No cover needs to be retrieved, because it seems to have one
Applying AuthorStrategy on [00155 -  Lust.epub]
Applying AuthorStrategy on [00161 -  Mam, kun je me geld lenen.epub]
Retrieve Author from filename [00161 -  Mam, kun je me geld lenen.epub]
Retrieve Author from filename [00155 -  Lust.epub]
Applying CommentRemovalStrategy on [00155 -  Lust.epub]
Applying CommentRemovalStrategy on [00161 -  Mam, kun je me geld lenen.epub]
Applying DitigalWatermarkRemovalStrategy on [00161 -  Mam, kun je me geld lenen.epub]
Applying DitigalWatermarkRemovalStrategy on [00155 -  Lust.epub]
Applying FileSizeStrategy on [00161 -  Mam, kun je me geld lenen.epub]
Applying FileSizeStrategy on [00155 -  Lust.epub]
Applying HtmlCorruptDetectionStrategy on [00161 -  Mam, kun je me geld lenen.epub]
Applying HtmlCorruptDetectionStrategy on [00155 -  Lust.epub]
Applying NoCoverDetectionStrategy on [00161 -  Mam, kun je me geld lenen.epub]
Applying NoCoverDetectionStrategy on [00155 -  Lust.epub]
Found cover in cover page [00155 -  Lust.epub]
Applying SubjectsStrategy on [00161 -  Mam, kun je me geld lenen.epub]
Applying KepubStrategy on [00161 -  Mam, kun je me geld lenen.epub]
Applying SubjectsStrategy on [00155 -  Lust.epub]
Applying KepubStrategy on [00155 -  Lust.epub]
Applying LanguageStrategy on [00155 -  Lust.epub]
Applying LanguageStrategy on [00161 -  Mam, kun je me geld lenen.epub]
Applying AuthorStrategy on [00182 -  Het Ultimatum.epub]
Retrieve Author from filename [00182 -  Het Ultimatum.epub]
Applying CommentRemovalStrategy on [00182 -  Het Ultimatum.epub]
Applying DitigalWatermarkRemovalStrategy on [00182 -  Het Ultimatum.epub]
Applying TitleStrategy on [00155 -  Lust.epub]
Applying CoverStrategy on [00155 -  Lust.epub]
No cover needs to be retrieved, because it seems to have one
Applying FileSizeStrategy on [00182 -  Het Ultimatum.epub]
Applying TitleStrategy on [00161 -  Mam, kun je me geld lenen.epub]
Applying CoverStrategy on [00161 -  Mam, kun je me geld lenen.epub]
No cover needs to be retrieved, because it seems to have one
Applying HtmlCorruptDetectionStrategy on [00182 -  Het Ultimatum.epub]
Applying NoCoverDetectionStrategy on [00182 -  Het Ultimatum.epub]
Found cover in cover page [00182 -  Het Ultimatum.epub]
Applying SubjectsStrategy on [00182 -  Het Ultimatum.epub]
Applying KepubStrategy on [00182 -  Het Ultimatum.epub]
Applying LanguageStrategy on [00182 -  Het Ultimatum.epub]
Applying TitleStrategy on [00182 -  Het Ultimatum.epub]
Applying CoverStrategy on [00182 -  Het Ultimatum.epub]
No cover needs to be retrieved, because it seems to have one
Applying AuthorStrategy on [00183 -  Indringer.epub]
Retrieve Author from filename [00183 -  Indringer.epub]
Applying CommentRemovalStrategy on [00183 -  Indringer.epub]
Applying DitigalWatermarkRemovalStrategy on [00183 -  Indringer.epub]
Applying FileSizeStrategy on [00183 -  Indringer.epub]
Applying HtmlCorruptDetectionStrategy on [00183 -  Indringer.epub]
Applying NoCoverDetectionStrategy on [00183 -  Indringer.epub]
Found cover in cover page [00183 -  Indringer.epub]
Applying SubjectsStrategy on [00183 -  Indringer.epub]
Applying KepubStrategy on [00183 -  Indringer.epub]
Applying AuthorStrategy on [00185 -  Verliefd.epub]
Retrieve Author from filename [00185 -  Verliefd.epub]
Applying CommentRemovalStrategy on [00185 -  Verliefd.epub]
Applying DitigalWatermarkRemovalStrategy on [00185 -  Verliefd.epub]
Applying LanguageStrategy on [00183 -  Indringer.epub]
Applying FileSizeStrategy on [00185 -  Verliefd.epub]
Applying TitleStrategy on [00183 -  Indringer.epub]
Applying CoverStrategy on [00183 -  Indringer.epub]
No cover needs to be retrieved, because it seems to have one
Applying HtmlCorruptDetectionStrategy on [00185 -  Verliefd.epub]
Applying NoCoverDetectionStrategy on [00185 -  Verliefd.epub]
Found cover in cover page [00185 -  Verliefd.epub]
Applying SubjectsStrategy on [00185 -  Verliefd.epub]
Applying KepubStrategy on [00185 -  Verliefd.epub]
Applying LanguageStrategy on [00185 -  Verliefd.epub]
Applying AuthorStrategy on [6. P.S. I Like You - Kasie West.epub]
Retrieve Author from filename [6. P.S. I Like You - Kasie West.epub]
Applying CommentRemovalStrategy on [6. P.S. I Like You - Kasie West.epub]
Applying TitleStrategy on [00185 -  Verliefd.epub]
Applying CoverStrategy on [00185 -  Verliefd.epub]
No cover needs to be retrieved, because it seems to have one
Applying DitigalWatermarkRemovalStrategy on [6. P.S. I Like You - Kasie West.epub]
Applying FileSizeStrategy on [6. P.S. I Like You - Kasie West.epub]
Applying HtmlCorruptDetectionStrategy on [6. P.S. I Like You - Kasie West.epub]
Applying NoCoverDetectionStrategy on [6. P.S. I Like You - Kasie West.epub]
Applying SubjectsStrategy on [6. P.S. I Like You - Kasie West.epub]
Applying KepubStrategy on [6. P.S. I Like You - Kasie West.epub]
Applying LanguageStrategy on [6. P.S. I Like You - Kasie West.epub]
Applying TitleStrategy on [6. P.S. I Like You - Kasie West.epub]
Applying CoverStrategy on [6. P.S. I Like You - Kasie West.epub]
No cover needs to be retrieved, because it seems to have one
